[debug] [2023-04-02T13:40:36.576Z] ----------------------------------------------------------------------
[debug] [2023-04-02T13:40:36.578Z] Command:       /Users/80444/.nvm/versions/node/v16.16.0/bin/node /Users/80444/.nvm/versions/node/v16.16.0/bin/firebase deploy
[debug] [2023-04-02T13:40:36.578Z] CLI Version:   11.18.0
[debug] [2023-04-02T13:40:36.578Z] Platform:      darwin
[debug] [2023-04-02T13:40:36.578Z] Node Version:  v16.16.0
[debug] [2023-04-02T13:40:36.579Z] Time:          Sun Apr 02 2023 20:40:36 GMT+0700 (Indochina Time)
[debug] [2023-04-02T13:40:36.579Z] ----------------------------------------------------------------------
[debug] 
[debug] [2023-04-02T13:40:36.605Z] Object ".hosting" in "firebase.json" has unknown property: {"additionalProperty":"frameworksBackend"}
[debug] [2023-04-02T13:40:36.606Z] Field ".hosting" in "firebase.json" is possibly invalid: should be array
[debug] [2023-04-02T13:40:36.606Z] Field ".hosting" in "firebase.json" is possibly invalid: should match some schema in anyOf
[debug] [2023-04-02T13:40:36.607Z] > command requires scopes: ["email","openid","https://www.googleapis.com/auth/cloudplatformprojects.readonly","https://www.googleapis.com/auth/firebase","https://www.googleapis.com/auth/cloud-platform"]
[debug] [2023-04-02T13:40:36.607Z] > authorizing via signed-in user (clkeen157@gmail.com)
[debug] [2023-04-02T13:40:36.608Z] [iam] checking project integrate-with-nextjs for permissions ["firebase.projects.get","firebasehosting.sites.update"]
[debug] [2023-04-02T13:40:36.609Z] >>> [apiv2][query] POST https://cloudresourcemanager.googleapis.com/v1/projects/integrate-with-nextjs:testIamPermissions [none]
[debug] [2023-04-02T13:40:36.609Z] >>> [apiv2][(partial)header] POST https://cloudresourcemanager.googleapis.com/v1/projects/integrate-with-nextjs:testIamPermissions x-goog-quota-user=projects/integrate-with-nextjs
[debug] [2023-04-02T13:40:36.609Z] >>> [apiv2][body] POST https://cloudresourcemanager.googleapis.com/v1/projects/integrate-with-nextjs:testIamPermissions {"permissions":["firebase.projects.get","firebasehosting.sites.update"]}
[debug] [2023-04-02T13:40:37.774Z] <<< [apiv2][status] POST https://cloudresourcemanager.googleapis.com/v1/projects/integrate-with-nextjs:testIamPermissions 200
[debug] [2023-04-02T13:40:37.775Z] <<< [apiv2][body] POST https://cloudresourcemanager.googleapis.com/v1/projects/integrate-with-nextjs:testIamPermissions {"permissions":["firebase.projects.get","firebasehosting.sites.update"]}
[debug] [2023-04-02T13:40:37.776Z] >>> [apiv2][query] GET https://firebase.googleapis.com/v1beta1/projects/integrate-with-nextjs [none]
[debug] [2023-04-02T13:40:38.645Z] <<< [apiv2][status] GET https://firebase.googleapis.com/v1beta1/projects/integrate-with-nextjs 200
[debug] [2023-04-02T13:40:38.645Z] <<< [apiv2][body] GET https://firebase.googleapis.com/v1beta1/projects/integrate-with-nextjs {"projectId":"integrate-with-nextjs","projectNumber":"941577112619","displayName":"integrate-with-nextjs","name":"projects/integrate-with-nextjs","resources":{"hostingSite":"integrate-with-nextjs"},"state":"ACTIVE","etag":"1_62a49d3e-9a29-4b0e-ab35-5078b167985a"}
[info] 
[info] === Deploying to 'integrate-with-nextjs'...
[info] 
[info] i  deploying functions, hosting 
[debug] [2023-04-02T13:41:31.586Z] >>> [apiv2][query] GET https://firebase.googleapis.com/v1beta1/projects/integrate-with-nextjs [none]
[debug] [2023-04-02T13:41:32.097Z] <<< [apiv2][status] GET https://firebase.googleapis.com/v1beta1/projects/integrate-with-nextjs 200
[debug] [2023-04-02T13:41:32.097Z] <<< [apiv2][body] GET https://firebase.googleapis.com/v1beta1/projects/integrate-with-nextjs {"projectId":"integrate-with-nextjs","projectNumber":"941577112619","displayName":"integrate-with-nextjs","name":"projects/integrate-with-nextjs","resources":{"hostingSite":"integrate-with-nextjs"},"state":"ACTIVE","etag":"1_62a49d3e-9a29-4b0e-ab35-5078b167985a"}
[info] i  functions: ensuring required API cloudfunctions.googleapis.com is enabled... 
[info] i  functions: ensuring required API cloudbuild.googleapis.com is enabled... 
[info] i  artifactregistry: ensuring required API artifactregistry.googleapis.com is enabled... 
[debug] [2023-04-02T13:41:32.100Z] >>> [apiv2][query] GET https://serviceusage.googleapis.com/v1/projects/integrate-with-nextjs/services/cloudfunctions.googleapis.com [none]
[debug] [2023-04-02T13:41:32.100Z] >>> [apiv2][(partial)header] GET https://serviceusage.googleapis.com/v1/projects/integrate-with-nextjs/services/cloudfunctions.googleapis.com x-goog-quota-user=projects/integrate-with-nextjs
[debug] [2023-04-02T13:41:32.102Z] >>> [apiv2][query] GET https://serviceusage.googleapis.com/v1/projects/integrate-with-nextjs/services/runtimeconfig.googleapis.com [none]
[debug] [2023-04-02T13:41:32.102Z] >>> [apiv2][(partial)header] GET https://serviceusage.googleapis.com/v1/projects/integrate-with-nextjs/services/runtimeconfig.googleapis.com x-goog-quota-user=projects/integrate-with-nextjs
[debug] [2023-04-02T13:41:32.104Z] >>> [apiv2][query] GET https://serviceusage.googleapis.com/v1/projects/integrate-with-nextjs/services/cloudbuild.googleapis.com [none]
[debug] [2023-04-02T13:41:32.104Z] >>> [apiv2][(partial)header] GET https://serviceusage.googleapis.com/v1/projects/integrate-with-nextjs/services/cloudbuild.googleapis.com x-goog-quota-user=projects/integrate-with-nextjs
[debug] [2023-04-02T13:41:32.104Z] >>> [apiv2][query] GET https://serviceusage.googleapis.com/v1/projects/integrate-with-nextjs/services/artifactregistry.googleapis.com [none]
[debug] [2023-04-02T13:41:32.104Z] >>> [apiv2][(partial)header] GET https://serviceusage.googleapis.com/v1/projects/integrate-with-nextjs/services/artifactregistry.googleapis.com x-goog-quota-user=projects/integrate-with-nextjs
[debug] [2023-04-02T13:41:33.741Z] <<< [apiv2][status] GET https://serviceusage.googleapis.com/v1/projects/integrate-with-nextjs/services/artifactregistry.googleapis.com 200
[debug] [2023-04-02T13:41:33.741Z] <<< [apiv2][body] GET https://serviceusage.googleapis.com/v1/projects/integrate-with-nextjs/services/artifactregistry.googleapis.com [omitted]
[warn] ⚠  artifactregistry: missing required API artifactregistry.googleapis.com. Enabling now... 
[debug] [2023-04-02T13:41:33.743Z] >>> [apiv2][query] POST https://serviceusage.googleapis.com/v1/projects/integrate-with-nextjs/services/artifactregistry.googleapis.com:enable [none]
[debug] [2023-04-02T13:41:33.743Z] >>> [apiv2][(partial)header] POST https://serviceusage.googleapis.com/v1/projects/integrate-with-nextjs/services/artifactregistry.googleapis.com:enable x-goog-quota-user=projects/integrate-with-nextjs
[debug] [2023-04-02T13:41:33.745Z] <<< [apiv2][status] GET https://serviceusage.googleapis.com/v1/projects/integrate-with-nextjs/services/cloudbuild.googleapis.com 200
[debug] [2023-04-02T13:41:33.745Z] <<< [apiv2][body] GET https://serviceusage.googleapis.com/v1/projects/integrate-with-nextjs/services/cloudbuild.googleapis.com [omitted]
[warn] ⚠  functions: missing required API cloudbuild.googleapis.com. Enabling now... 
[debug] [2023-04-02T13:41:33.746Z] >>> [apiv2][query] POST https://serviceusage.googleapis.com/v1/projects/integrate-with-nextjs/services/cloudbuild.googleapis.com:enable [none]
[debug] [2023-04-02T13:41:33.746Z] >>> [apiv2][(partial)header] POST https://serviceusage.googleapis.com/v1/projects/integrate-with-nextjs/services/cloudbuild.googleapis.com:enable x-goog-quota-user=projects/integrate-with-nextjs
[debug] [2023-04-02T13:41:33.748Z] <<< [apiv2][status] GET https://serviceusage.googleapis.com/v1/projects/integrate-with-nextjs/services/runtimeconfig.googleapis.com 200
[debug] [2023-04-02T13:41:33.748Z] <<< [apiv2][body] GET https://serviceusage.googleapis.com/v1/projects/integrate-with-nextjs/services/runtimeconfig.googleapis.com [omitted]
[debug] [2023-04-02T13:41:33.749Z] <<< [apiv2][status] GET https://serviceusage.googleapis.com/v1/projects/integrate-with-nextjs/services/cloudfunctions.googleapis.com 200
[debug] [2023-04-02T13:41:33.749Z] <<< [apiv2][body] GET https://serviceusage.googleapis.com/v1/projects/integrate-with-nextjs/services/cloudfunctions.googleapis.com [omitted]
[info] ✔  functions: required API cloudfunctions.googleapis.com is enabled 
[debug] [2023-04-02T13:41:35.803Z] <<< [apiv2][status] POST https://serviceusage.googleapis.com/v1/projects/integrate-with-nextjs/services/cloudbuild.googleapis.com:enable 200
[debug] [2023-04-02T13:41:35.803Z] <<< [apiv2][body] POST https://serviceusage.googleapis.com/v1/projects/integrate-with-nextjs/services/cloudbuild.googleapis.com:enable [omitted]
[debug] [2023-04-02T13:41:35.804Z] <<< [apiv2][status] POST https://serviceusage.googleapis.com/v1/projects/integrate-with-nextjs/services/artifactregistry.googleapis.com:enable 200
[debug] [2023-04-02T13:41:35.804Z] <<< [apiv2][body] POST https://serviceusage.googleapis.com/v1/projects/integrate-with-nextjs/services/artifactregistry.googleapis.com:enable [omitted]
[debug] [2023-04-02T13:41:45.806Z] >>> [apiv2][query] GET https://serviceusage.googleapis.com/v1/projects/integrate-with-nextjs/services/cloudbuild.googleapis.com [none]
[debug] [2023-04-02T13:41:45.807Z] >>> [apiv2][(partial)header] GET https://serviceusage.googleapis.com/v1/projects/integrate-with-nextjs/services/cloudbuild.googleapis.com x-goog-quota-user=projects/integrate-with-nextjs
[debug] [2023-04-02T13:41:45.810Z] >>> [apiv2][query] GET https://serviceusage.googleapis.com/v1/projects/integrate-with-nextjs/services/artifactregistry.googleapis.com [none]
[debug] [2023-04-02T13:41:45.810Z] >>> [apiv2][(partial)header] GET https://serviceusage.googleapis.com/v1/projects/integrate-with-nextjs/services/artifactregistry.googleapis.com x-goog-quota-user=projects/integrate-with-nextjs
[debug] [2023-04-02T13:41:47.355Z] <<< [apiv2][status] GET https://serviceusage.googleapis.com/v1/projects/integrate-with-nextjs/services/artifactregistry.googleapis.com 200
[debug] [2023-04-02T13:41:47.355Z] <<< [apiv2][body] GET https://serviceusage.googleapis.com/v1/projects/integrate-with-nextjs/services/artifactregistry.googleapis.com [omitted]
[info] ✔  artifactregistry: required API artifactregistry.googleapis.com is enabled 
[debug] [2023-04-02T13:41:47.381Z] <<< [apiv2][status] GET https://serviceusage.googleapis.com/v1/projects/integrate-with-nextjs/services/cloudbuild.googleapis.com 200
[debug] [2023-04-02T13:41:47.381Z] <<< [apiv2][body] GET https://serviceusage.googleapis.com/v1/projects/integrate-with-nextjs/services/cloudbuild.googleapis.com [omitted]
[info] ✔  functions: required API cloudbuild.googleapis.com is enabled 
[debug] [2023-04-02T13:41:47.382Z] >>> [apiv2][query] GET https://firebase.googleapis.com/v1beta1/projects/integrate-with-nextjs/adminSdkConfig [none]
[debug] [2023-04-02T13:41:47.780Z] <<< [apiv2][status] GET https://firebase.googleapis.com/v1beta1/projects/integrate-with-nextjs/adminSdkConfig 200
[debug] [2023-04-02T13:41:47.781Z] <<< [apiv2][body] GET https://firebase.googleapis.com/v1beta1/projects/integrate-with-nextjs/adminSdkConfig {"projectId":"integrate-with-nextjs","storageBucket":"integrate-with-nextjs.appspot.com"}
[debug] [2023-04-02T13:41:47.782Z] >>> [apiv2][query] GET https://runtimeconfig.googleapis.com/v1beta1/projects/integrate-with-nextjs/configs [none]
[debug] [2023-04-02T13:41:49.298Z] <<< [apiv2][status] GET https://runtimeconfig.googleapis.com/v1beta1/projects/integrate-with-nextjs/configs 200
[debug] [2023-04-02T13:41:49.298Z] <<< [apiv2][body] GET https://runtimeconfig.googleapis.com/v1beta1/projects/integrate-with-nextjs/configs {}
[info] i  functions: preparing codebase firebase-frameworks-integrate-with-nextjs for deployment 
[debug] [2023-04-02T13:41:49.300Z] Validating nodejs source
[warn] ⚠  functions: package.json indicates an outdated version of firebase-functions. Please upgrade using npm install --save firebase-functions@latest in your functions directory. 
[warn] ⚠  functions: Please note that there will be breaking changes when you upgrade. 
[debug] [2023-04-02T13:41:50.064Z] > [functions] package.json contents: {
  "name": "integrate-firebase-with-nextjs",
  "version": "0.1.0",
  "private": true,
  "engines": {
    "node": "18"
  },
  "scripts": {
    "dev": "next dev",
    "build": "next build",
    "start": "next start",
    "lint": "next lint"
  },
  "dependencies": {
    "next": "13.2.4",
    "react": "18.2.0",
    "react-dom": "18.2.0",
    "firebase-frameworks": "^0.6.0",
    "firebase-functions": "^3.23.0",
    "firebase-admin": "^11.0.1"
  },
  "main": "server.js"
}
[debug] [2023-04-02T13:41:50.064Z] Building nodejs source
[info] i  functions: Loaded environment variables from .env. 
[debug] [2023-04-02T13:41:50.067Z] Found functions.yaml. Got spec: {
  "endpoints": {
    "ssrintegratewithnextjs": {
      "platform": "gcfv2",
      "region": [
        "us-central1"
      ],
      "labels": {},
      "httpsTrigger": {},
      "entryPoint": "ssr"
    }
  },
  "specVersion": "v1alpha1",
  "requiredAPIs": []
}
[info] i  functions: preparing .firebase/integrate-with-nextjs/functions directory for uploading... 
[info] i  functions: packaged /Users/80444/Desktop/projects/integrate-firebase-with-nextjs/.firebase/integrate-with-nextjs/functions (15.78 MB) for uploading 
[debug] [2023-04-02T13:41:50.681Z] >>> [apiv2][query] GET https://cloudfunctions.googleapis.com/v1/projects/integrate-with-nextjs/locations/-/functions [none]
[debug] [2023-04-02T13:41:51.334Z] <<< [apiv2][status] GET https://cloudfunctions.googleapis.com/v1/projects/integrate-with-nextjs/locations/-/functions 200
[debug] [2023-04-02T13:41:51.334Z] <<< [apiv2][body] GET https://cloudfunctions.googleapis.com/v1/projects/integrate-with-nextjs/locations/-/functions {}
[debug] [2023-04-02T13:41:51.335Z] >>> [apiv2][query] GET https://cloudfunctions.googleapis.com/v2/projects/integrate-with-nextjs/locations/-/functions filter=environment%3D%22GEN_2%22
[debug] [2023-04-02T13:41:53.086Z] <<< [apiv2][status] GET https://cloudfunctions.googleapis.com/v2/projects/integrate-with-nextjs/locations/-/functions 200
[debug] [2023-04-02T13:41:53.086Z] <<< [apiv2][body] GET https://cloudfunctions.googleapis.com/v2/projects/integrate-with-nextjs/locations/-/functions {}
[info] i  functions: ensuring required API run.googleapis.com is enabled... 
[info] i  functions: ensuring required API eventarc.googleapis.com is enabled... 
[info] i  functions: ensuring required API pubsub.googleapis.com is enabled... 
[info] i  functions: ensuring required API storage.googleapis.com is enabled... 
[debug] [2023-04-02T13:41:53.096Z] >>> [apiv2][query] GET https://serviceusage.googleapis.com/v1/projects/integrate-with-nextjs/services/run.googleapis.com [none]
[debug] [2023-04-02T13:41:53.096Z] >>> [apiv2][(partial)header] GET https://serviceusage.googleapis.com/v1/projects/integrate-with-nextjs/services/run.googleapis.com x-goog-quota-user=projects/integrate-with-nextjs
[debug] [2023-04-02T13:41:53.097Z] >>> [apiv2][query] GET https://serviceusage.googleapis.com/v1/projects/integrate-with-nextjs/services/eventarc.googleapis.com [none]
[debug] [2023-04-02T13:41:53.097Z] >>> [apiv2][(partial)header] GET https://serviceusage.googleapis.com/v1/projects/integrate-with-nextjs/services/eventarc.googleapis.com x-goog-quota-user=projects/integrate-with-nextjs
[debug] [2023-04-02T13:41:53.098Z] >>> [apiv2][query] GET https://serviceusage.googleapis.com/v1/projects/integrate-with-nextjs/services/pubsub.googleapis.com [none]
[debug] [2023-04-02T13:41:53.098Z] >>> [apiv2][(partial)header] GET https://serviceusage.googleapis.com/v1/projects/integrate-with-nextjs/services/pubsub.googleapis.com x-goog-quota-user=projects/integrate-with-nextjs
[debug] [2023-04-02T13:41:53.099Z] >>> [apiv2][query] GET https://serviceusage.googleapis.com/v1/projects/integrate-with-nextjs/services/storage.googleapis.com [none]
[debug] [2023-04-02T13:41:53.099Z] >>> [apiv2][(partial)header] GET https://serviceusage.googleapis.com/v1/projects/integrate-with-nextjs/services/storage.googleapis.com x-goog-quota-user=projects/integrate-with-nextjs
[debug] [2023-04-02T13:41:54.626Z] <<< [apiv2][status] GET https://serviceusage.googleapis.com/v1/projects/integrate-with-nextjs/services/eventarc.googleapis.com 200
[debug] [2023-04-02T13:41:54.626Z] <<< [apiv2][body] GET https://serviceusage.googleapis.com/v1/projects/integrate-with-nextjs/services/eventarc.googleapis.com [omitted]
[warn] ⚠  functions: missing required API eventarc.googleapis.com. Enabling now... 
[debug] [2023-04-02T13:41:54.627Z] >>> [apiv2][query] POST https://serviceusage.googleapis.com/v1/projects/integrate-with-nextjs/services/eventarc.googleapis.com:enable [none]
[debug] [2023-04-02T13:41:54.627Z] >>> [apiv2][(partial)header] POST https://serviceusage.googleapis.com/v1/projects/integrate-with-nextjs/services/eventarc.googleapis.com:enable x-goog-quota-user=projects/integrate-with-nextjs
[debug] [2023-04-02T13:41:54.633Z] <<< [apiv2][status] GET https://serviceusage.googleapis.com/v1/projects/integrate-with-nextjs/services/storage.googleapis.com 200
[debug] [2023-04-02T13:41:54.634Z] <<< [apiv2][body] GET https://serviceusage.googleapis.com/v1/projects/integrate-with-nextjs/services/storage.googleapis.com [omitted]
[info] ✔  functions: required API storage.googleapis.com is enabled 
[debug] [2023-04-02T13:41:54.652Z] <<< [apiv2][status] GET https://serviceusage.googleapis.com/v1/projects/integrate-with-nextjs/services/pubsub.googleapis.com 200
[debug] [2023-04-02T13:41:54.652Z] <<< [apiv2][body] GET https://serviceusage.googleapis.com/v1/projects/integrate-with-nextjs/services/pubsub.googleapis.com [omitted]
[info] ✔  functions: required API pubsub.googleapis.com is enabled 
[debug] [2023-04-02T13:41:54.680Z] <<< [apiv2][status] GET https://serviceusage.googleapis.com/v1/projects/integrate-with-nextjs/services/run.googleapis.com 200
[debug] [2023-04-02T13:41:54.680Z] <<< [apiv2][body] GET https://serviceusage.googleapis.com/v1/projects/integrate-with-nextjs/services/run.googleapis.com [omitted]
[warn] ⚠  functions: missing required API run.googleapis.com. Enabling now... 
[debug] [2023-04-02T13:41:54.680Z] >>> [apiv2][query] POST https://serviceusage.googleapis.com/v1/projects/integrate-with-nextjs/services/run.googleapis.com:enable [none]
[debug] [2023-04-02T13:41:54.680Z] >>> [apiv2][(partial)header] POST https://serviceusage.googleapis.com/v1/projects/integrate-with-nextjs/services/run.googleapis.com:enable x-goog-quota-user=projects/integrate-with-nextjs
[debug] [2023-04-02T13:41:56.423Z] <<< [apiv2][status] POST https://serviceusage.googleapis.com/v1/projects/integrate-with-nextjs/services/eventarc.googleapis.com:enable 200
[debug] [2023-04-02T13:41:56.423Z] <<< [apiv2][body] POST https://serviceusage.googleapis.com/v1/projects/integrate-with-nextjs/services/eventarc.googleapis.com:enable [omitted]
[debug] [2023-04-02T13:41:56.441Z] <<< [apiv2][status] POST https://serviceusage.googleapis.com/v1/projects/integrate-with-nextjs/services/run.googleapis.com:enable 200
[debug] [2023-04-02T13:41:56.441Z] <<< [apiv2][body] POST https://serviceusage.googleapis.com/v1/projects/integrate-with-nextjs/services/run.googleapis.com:enable [omitted]
[debug] [2023-04-02T13:42:06.424Z] >>> [apiv2][query] GET https://serviceusage.googleapis.com/v1/projects/integrate-with-nextjs/services/eventarc.googleapis.com [none]
[debug] [2023-04-02T13:42:06.424Z] >>> [apiv2][(partial)header] GET https://serviceusage.googleapis.com/v1/projects/integrate-with-nextjs/services/eventarc.googleapis.com x-goog-quota-user=projects/integrate-with-nextjs
[debug] [2023-04-02T13:42:06.442Z] >>> [apiv2][query] GET https://serviceusage.googleapis.com/v1/projects/integrate-with-nextjs/services/run.googleapis.com [none]
[debug] [2023-04-02T13:42:06.442Z] >>> [apiv2][(partial)header] GET https://serviceusage.googleapis.com/v1/projects/integrate-with-nextjs/services/run.googleapis.com x-goog-quota-user=projects/integrate-with-nextjs
[debug] [2023-04-02T13:42:08.038Z] <<< [apiv2][status] GET https://serviceusage.googleapis.com/v1/projects/integrate-with-nextjs/services/eventarc.googleapis.com 200
[debug] [2023-04-02T13:42:08.038Z] <<< [apiv2][body] GET https://serviceusage.googleapis.com/v1/projects/integrate-with-nextjs/services/eventarc.googleapis.com [omitted]
[info] ✔  functions: required API eventarc.googleapis.com is enabled 
[debug] [2023-04-02T13:42:08.050Z] <<< [apiv2][status] GET https://serviceusage.googleapis.com/v1/projects/integrate-with-nextjs/services/run.googleapis.com 200
[debug] [2023-04-02T13:42:08.050Z] <<< [apiv2][body] GET https://serviceusage.googleapis.com/v1/projects/integrate-with-nextjs/services/run.googleapis.com [omitted]
[info] ✔  functions: required API run.googleapis.com is enabled 
[info] i  functions: generating the service identity for pubsub.googleapis.com... 
[info] i  functions: generating the service identity for eventarc.googleapis.com... 
[debug] [2023-04-02T13:42:08.051Z] >>> [apiv2][query] POST https://serviceusage.googleapis.com/v1beta1/projects/941577112619/services/pubsub.googleapis.com:generateServiceIdentity [none]
[debug] [2023-04-02T13:42:08.052Z] >>> [apiv2][query] POST https://serviceusage.googleapis.com/v1beta1/projects/941577112619/services/eventarc.googleapis.com:generateServiceIdentity [none]
[debug] [2023-04-02T13:42:10.051Z] <<< [apiv2][status] POST https://serviceusage.googleapis.com/v1beta1/projects/941577112619/services/pubsub.googleapis.com:generateServiceIdentity 200
[debug] [2023-04-02T13:42:10.052Z] <<< [apiv2][body] POST https://serviceusage.googleapis.com/v1beta1/projects/941577112619/services/pubsub.googleapis.com:generateServiceIdentity {"name":"operations/finished.DONE_OPERATION","done":true,"response":{"@type":"type.googleapis.com/google.api.serviceusage.v1beta1.ServiceIdentity","email":"service-941577112619@gcp-sa-pubsub.iam.gserviceaccount.com","uniqueId":"114197723506781623516"}}
[debug] [2023-04-02T13:42:10.280Z] <<< [apiv2][status] POST https://serviceusage.googleapis.com/v1beta1/projects/941577112619/services/eventarc.googleapis.com:generateServiceIdentity 200
[debug] [2023-04-02T13:42:10.280Z] <<< [apiv2][body] POST https://serviceusage.googleapis.com/v1beta1/projects/941577112619/services/eventarc.googleapis.com:generateServiceIdentity {"name":"operations/finished.DONE_OPERATION","done":true,"response":{"@type":"type.googleapis.com/google.api.serviceusage.v1beta1.ServiceIdentity","email":"service-941577112619@gcp-sa-eventarc.iam.gserviceaccount.com","uniqueId":"117172745217521492902"}}
[debug] [2023-04-02T13:42:10.283Z] >>> [apiv2][query] GET https://firebase.googleapis.com/v1beta1/projects/integrate-with-nextjs [none]
[debug] [2023-04-02T13:42:11.006Z] <<< [apiv2][status] GET https://firebase.googleapis.com/v1beta1/projects/integrate-with-nextjs 200
[debug] [2023-04-02T13:42:11.006Z] <<< [apiv2][body] GET https://firebase.googleapis.com/v1beta1/projects/integrate-with-nextjs {"projectId":"integrate-with-nextjs","projectNumber":"941577112619","displayName":"integrate-with-nextjs","name":"projects/integrate-with-nextjs","resources":{"hostingSite":"integrate-with-nextjs"},"state":"ACTIVE","etag":"1_62a49d3e-9a29-4b0e-ab35-5078b167985a"}
[debug] [2023-04-02T13:42:11.008Z] >>> [apiv2][query] POST https://firebasehosting.googleapis.com/v1beta1/projects/-/sites/integrate-with-nextjs/versions [none]
[debug] [2023-04-02T13:42:11.009Z] >>> [apiv2][body] POST https://firebasehosting.googleapis.com/v1beta1/projects/-/sites/integrate-with-nextjs/versions {"status":"CREATED","labels":{"deployment-tool":"cli-firebase","firebase-web-framework":"next_ssr"}}
[debug] [2023-04-02T13:42:12.958Z] <<< [apiv2][status] POST https://firebasehosting.googleapis.com/v1beta1/projects/-/sites/integrate-with-nextjs/versions 200
[debug] [2023-04-02T13:42:12.959Z] <<< [apiv2][body] POST https://firebasehosting.googleapis.com/v1beta1/projects/-/sites/integrate-with-nextjs/versions {"name":"projects/941577112619/sites/integrate-with-nextjs/versions/5d688c9d83cf95c1","status":"CREATED","config":{},"labels":{"deployment-tool":"cli-firebase","firebase-web-framework":"next_ssr"}}
[debug] [2023-04-02T13:42:12.960Z] [functions] found 1 new HTTP functions, testing setIamPolicy permission...
[debug] [2023-04-02T13:42:12.960Z] >>> [apiv2][query] POST https://cloudresourcemanager.googleapis.com/v1/projects/integrate-with-nextjs:testIamPermissions [none]
[debug] [2023-04-02T13:42:12.960Z] >>> [apiv2][(partial)header] POST https://cloudresourcemanager.googleapis.com/v1/projects/integrate-with-nextjs:testIamPermissions x-goog-quota-user=projects/integrate-with-nextjs
[debug] [2023-04-02T13:42:12.960Z] >>> [apiv2][body] POST https://cloudresourcemanager.googleapis.com/v1/projects/integrate-with-nextjs:testIamPermissions {"permissions":["cloudfunctions.functions.setIamPolicy"]}
[debug] [2023-04-02T13:42:14.187Z] <<< [apiv2][status] POST https://cloudresourcemanager.googleapis.com/v1/projects/integrate-with-nextjs:testIamPermissions 200
[debug] [2023-04-02T13:42:14.187Z] <<< [apiv2][body] POST https://cloudresourcemanager.googleapis.com/v1/projects/integrate-with-nextjs:testIamPermissions {"permissions":["cloudfunctions.functions.setIamPolicy"]}
[debug] [2023-04-02T13:42:14.187Z] [functions] found setIamPolicy permission, proceeding with deploy
[debug] [2023-04-02T13:42:14.188Z] >>> [apiv2][query] POST https://cloudfunctions.googleapis.com/v2/projects/integrate-with-nextjs/locations/us-central1/functions:generateUploadUrl [none]
[debug] [2023-04-02T13:42:16.763Z] <<< [apiv2][status] POST https://cloudfunctions.googleapis.com/v2/projects/integrate-with-nextjs/locations/us-central1/functions:generateUploadUrl 200
[debug] [2023-04-02T13:42:16.763Z] <<< [apiv2][body] POST https://cloudfunctions.googleapis.com/v2/projects/integrate-with-nextjs/locations/us-central1/functions:generateUploadUrl {"uploadUrl":"https://storage.googleapis.com/gcf-v2-uploads-941577112619-us-central1/788e1d25-7fb4-4dd2-a73a-20604ac0000f.zip?GoogleAccessId=service-941577112619@gcf-admin-robot.iam.gserviceaccount.com&Expires=1680444736&Signature=cqBE5%2FdKEw1pM2rzyUlIPfWOuV%2Fg5Ojo9sVrQVhkrZ0ebT1JNY5jLGFGP3kTcnM%2BIxg5zD5BJuXVg9hTieFFuFQXLYWIULq1eVer31yxdT%2FcAAUFBpG1qFFQ%2FNvRgfdof4cF60Ji2cZDr5NUc%2F4cWXjMkMySUIbJELliai13x77QSlADF2ZIT64iqyx%2FQtVyZ5QnmQWLowKlA1o%2FhwiIUum1g8BeZ5Ca78KYoNuBJwwm59nh%2FgXCDRsSoECr%2BZz1xLbY057vdCzEkQrYJ0p%2Bp4tEbeu6cjYLs161bCfoIIjUpkfLRsTa5Wzg2T%2B6G9DmKHFnOv7ZQZ4VZX53GyMIQg%3D%3D","storageSource":{"bucket":"gcf-v2-uploads-941577112619-us-central1","object":"788e1d25-7fb4-4dd2-a73a-20604ac0000f.zip"}}
[debug] [2023-04-02T13:42:16.764Z] >>> [apiv2][query] PUT https://storage.googleapis.com/gcf-v2-uploads-941577112619-us-central1/788e1d25-7fb4-4dd2-a73a-20604ac0000f.zip GoogleAccessId=service-941577112619%40gcf-admin-robot.iam.gserviceaccount.com&Expires=1680444736&Signature=cqBE5%2FdKEw1pM2rzyUlIPfWOuV%2Fg5Ojo9sVrQVhkrZ0ebT1JNY5jLGFGP3kTcnM%2BIxg5zD5BJuXVg9hTieFFuFQXLYWIULq1eVer31yxdT%2FcAAUFBpG1qFFQ%2FNvRgfdof4cF60Ji2cZDr5NUc%2F4cWXjMkMySUIbJELliai13x77QSlADF2ZIT64iqyx%2FQtVyZ5QnmQWLowKlA1o%2FhwiIUum1g8BeZ5Ca78KYoNuBJwwm59nh%2FgXCDRsSoECr%2BZz1xLbY057vdCzEkQrYJ0p%2Bp4tEbeu6cjYLs161bCfoIIjUpkfLRsTa5Wzg2T%2B6G9DmKHFnOv7ZQZ4VZX53GyMIQg%3D%3D
[debug] [2023-04-02T13:42:16.764Z] >>> [apiv2][body] PUT https://storage.googleapis.com/gcf-v2-uploads-941577112619-us-central1/788e1d25-7fb4-4dd2-a73a-20604ac0000f.zip [stream]
[debug] [2023-04-02T13:43:12.649Z] <<< [apiv2][status] PUT https://storage.googleapis.com/gcf-v2-uploads-941577112619-us-central1/788e1d25-7fb4-4dd2-a73a-20604ac0000f.zip 200
[debug] [2023-04-02T13:43:12.649Z] <<< [apiv2][body] PUT https://storage.googleapis.com/gcf-v2-uploads-941577112619-us-central1/788e1d25-7fb4-4dd2-a73a-20604ac0000f.zip [omitted]
[info] ✔  functions: .firebase/integrate-with-nextjs/functions folder uploaded successfully 
[info] i  hosting[integrate-with-nextjs]: beginning deploy... 
[info] i  hosting[integrate-with-nextjs]: found 25 files in .firebase/integrate-with-nextjs/hosting 
[debug] [2023-04-02T13:43:12.660Z] [hosting] uploading with 200 concurrency
[debug] [2023-04-02T13:43:12.660Z] [hosting] hash cache [LmZpcmViYXNlL2ludGVncmF0ZS13aXRoLW5leHRqcy9ob3N0aW5n] not populated
[debug] [2023-04-02T13:43:12.695Z] [hosting] hash cache [LmZpcmViYXNlL2ludGVncmF0ZS13aXRoLW5leHRqcy9ob3N0aW5n] stored for 25 files
[debug] [2023-04-02T13:43:12.695Z] [hosting][hash queue][FINAL] {"max":32,"min":9,"avg":11.76,"active":0,"complete":25,"success":25,"errored":0,"retried":0,"total":25,"elapsed":34}
[debug] [2023-04-02T13:43:12.695Z] >>> [apiv2][query] POST https://firebasehosting.googleapis.com/v1beta1/projects/941577112619/sites/integrate-with-nextjs/versions/5d688c9d83cf95c1:populateFiles [none]
[debug] [2023-04-02T13:43:12.695Z] >>> [apiv2][body] POST https://firebasehosting.googleapis.com/v1beta1/projects/941577112619/sites/integrate-with-nextjs/versions/5d688c9d83cf95c1:populateFiles {"files":{"/404.html":"4749e5cf2e1bfbbfdb9c0de59f1b53db7ca4534a8f2bdc32d78075efa082cb16","/vercel.svg":"4b9c0f01017bb87197f2ae0bd9717239fadf854131b34cce7b0f74ff6d513a4b","/500.html":"6f1f5d55de9596ff72818bb72d240dea778610edc71907551f9218f2fd28d567","/thirteen.svg":"15a00ba14c06deda6f14cc1ab3adeb0368e868f9b93a539f247847434ae671a1","/next.svg":"33c5c6ad1d08bb69d8026289530e377b4d6e2a96f24562e209fd1e1e9ccee64a","/_next/static/chunks/pages/_app-7180bb64d23aefe3.js":"2a84381cd80cb536c8cb20c9ae32c701aeff714b9bc2f3bf362fc1bec81c844a","/index.html":"1f833756435329d8905fca9424306d61f5c1707afc00937f4715050d69d1f084","/_next/static/chunks/pages/_error-3a6a5f009f0509da.js":"d12469fd220d00840482df6635fc1cb406b33916ed5b981b5207ec123461aa9e","/_next/static/css/876d048b5dab7c28.css":"0de8fbb7ff6f0efd9c2f3507f617b3ae43a8edf8d1d903d65a3e9cd85d40ec80","/_next/static/css/457ee4102c2cdd0e.css":"58246211b76db6dbedd3983e451c673d2ffa82c332c5490d1db52134dae52c4c","/_next/static/chunks/pages/index-eed8ae6571cbb4a5.js":"75b7de1c71dca6f00976160e5d4cb768bde85f5f84d5d890490a7d294c460129","/favicon.ico":"04614fc32690cb60b39e472119b7f7aa91d88eaeb8511a7489f8cbe1552e6e59","/_next/static/media/ae9ae6716d4f8bf8-s.woff2":"43ee6ef2612f5b1a6a4da26f6794a153e3a114ca63e5514b42fe971a591c14f1","/_next/static/chunks/webpack-65a174f66874fbc2.js":"7b68b8a86a1882b346d8918938a62dbc85ecb871c9e7a7b7a123fca77be69d6c","/_next/static/media/b1db3e28af9ef94a-s.woff2":"341f8eeb10eece9821ba627cdf2e4b8ce5f845688ba7319e8e83b8a511ab6f72","/_next/static/yaNQi-HQWiCpaW1y0Oahp/_ssgManifest.js":"66ec529020f9077d88cc343194d3d599b8cf9646faf6ef3d94e81f036939cfe6","/_next/static/yaNQi-HQWiCpaW1y0Oahp/_buildManifest.js":"98399d8dd82c659c2f76feb22d115451d94a5d0c665521bccb3fb878d8a69b6b","/_next/static/media/d1d9458b69004127-s.woff2":"23b66f06ae0de7c955b12751edf341301743b7ef23171ea504ba992767a42394","/_next/static/media/b967158bc7d7a9fb-s.woff2":"cd209411a73ed645b4188157c5b0ad5f2bd7fd7e2eb8e39afe2a9f03ebd335c4","/_next/static/media/c0f5ec5bbf5913b7-s.woff2":"80b15feaba5060ab0f867e9a7512eb95ec390bc76fa8922c943dd3797fa2eb78","/_next/static/media/2aaf0723e720e8b9-s.p.woff2":"9125e2daf16cf67750042d05cadbc2d52f21d5641d8826d240adfd57f7184d9f","/_next/static/chunks/polyfills-c67a75d1b6f99dc8.js":"aba23275a3c1380bfc8d467fd921b0c209e7182dbdaa02611c3a496b0b3b34ec","/_next/static/media/9c4f34569c9b36ca-s.woff2":"ce8049481d541c70f4db24fcf42634377ef9124d3f9fd086c344e1aff3f77a68","/_next/static/chunks/main-b099028b5056ba24.js":"050cf144c66d31541e6b59bf0844ef6a76efac47741486fbe4ea1bdd50526970","/_next/static/chunks/framework-4e64a3593fc3726c.js":"a5c2a67f2ad19433195ad0f6ee1bef9364d148e2351d47b275a8f365076e9f40"}}
[debug] [2023-04-02T13:43:13.749Z] <<< [apiv2][status] POST https://firebasehosting.googleapis.com/v1beta1/projects/941577112619/sites/integrate-with-nextjs/versions/5d688c9d83cf95c1:populateFiles 200
[debug] [2023-04-02T13:43:13.749Z] <<< [apiv2][body] POST https://firebasehosting.googleapis.com/v1beta1/projects/941577112619/sites/integrate-with-nextjs/versions/5d688c9d83cf95c1:populateFiles {"uploadRequiredHashes":["4b9c0f01017bb87197f2ae0bd9717239fadf854131b34cce7b0f74ff6d513a4b","050cf144c66d31541e6b59bf0844ef6a76efac47741486fbe4ea1bdd50526970","ce8049481d541c70f4db24fcf42634377ef9124d3f9fd086c344e1aff3f77a68","cd209411a73ed645b4188157c5b0ad5f2bd7fd7e2eb8e39afe2a9f03ebd335c4","66ec529020f9077d88cc343194d3d599b8cf9646faf6ef3d94e81f036939cfe6","7b68b8a86a1882b346d8918938a62dbc85ecb871c9e7a7b7a123fca77be69d6c","341f8eeb10eece9821ba627cdf2e4b8ce5f845688ba7319e8e83b8a511ab6f72","33c5c6ad1d08bb69d8026289530e377b4d6e2a96f24562e209fd1e1e9ccee64a","75b7de1c71dca6f00976160e5d4cb768bde85f5f84d5d890490a7d294c460129","98399d8dd82c659c2f76feb22d115451d94a5d0c665521bccb3fb878d8a69b6b","aba23275a3c1380bfc8d467fd921b0c209e7182dbdaa02611c3a496b0b3b34ec","4749e5cf2e1bfbbfdb9c0de59f1b53db7ca4534a8f2bdc32d78075efa082cb16","2a84381cd80cb536c8cb20c9ae32c701aeff714b9bc2f3bf362fc1bec81c844a","a5c2a67f2ad19433195ad0f6ee1bef9364d148e2351d47b275a8f365076e9f40","1f833756435329d8905fca9424306d61f5c1707afc00937f4715050d69d1f084","0de8fbb7ff6f0efd9c2f3507f617b3ae43a8edf8d1d903d65a3e9cd85d40ec80","58246211b76db6dbedd3983e451c673d2ffa82c332c5490d1db52134dae52c4c","80b15feaba5060ab0f867e9a7512eb95ec390bc76fa8922c943dd3797fa2eb78","d12469fd220d00840482df6635fc1cb406b33916ed5b981b5207ec123461aa9e","6f1f5d55de9596ff72818bb72d240dea778610edc71907551f9218f2fd28d567","23b66f06ae0de7c955b12751edf341301743b7ef23171ea504ba992767a42394","04614fc32690cb60b39e472119b7f7aa91d88eaeb8511a7489f8cbe1552e6e59","43ee6ef2612f5b1a6a4da26f6794a153e3a114ca63e5514b42fe971a591c14f1","15a00ba14c06deda6f14cc1ab3adeb0368e868f9b93a539f247847434ae671a1","9125e2daf16cf67750042d05cadbc2d52f21d5641d8826d240adfd57f7184d9f"],"uploadUrl":"https://upload-firebasehosting.googleapis.com/upload/sites/integrate-with-nextjs/versions/5d688c9d83cf95c1/files"}
[debug] [2023-04-02T13:43:13.752Z] >>> [apiv2][query] POST https://upload-firebasehosting.googleapis.com/upload/sites/integrate-with-nextjs/versions/5d688c9d83cf95c1/files/4b9c0f01017bb87197f2ae0bd9717239fadf854131b34cce7b0f74ff6d513a4b [none]
[debug] [2023-04-02T13:43:13.752Z] >>> [apiv2][body] POST https://upload-firebasehosting.googleapis.com/upload/sites/integrate-with-nextjs/versions/5d688c9d83cf95c1/files/4b9c0f01017bb87197f2ae0bd9717239fadf854131b34cce7b0f74ff6d513a4b [stream]
[debug] [2023-04-02T13:43:13.752Z] >>> [apiv2][query] POST https://upload-firebasehosting.googleapis.com/upload/sites/integrate-with-nextjs/versions/5d688c9d83cf95c1/files/050cf144c66d31541e6b59bf0844ef6a76efac47741486fbe4ea1bdd50526970 [none]
[debug] [2023-04-02T13:43:13.752Z] >>> [apiv2][body] POST https://upload-firebasehosting.googleapis.com/upload/sites/integrate-with-nextjs/versions/5d688c9d83cf95c1/files/050cf144c66d31541e6b59bf0844ef6a76efac47741486fbe4ea1bdd50526970 [stream]
[debug] [2023-04-02T13:43:13.753Z] >>> [apiv2][query] POST https://upload-firebasehosting.googleapis.com/upload/sites/integrate-with-nextjs/versions/5d688c9d83cf95c1/files/ce8049481d541c70f4db24fcf42634377ef9124d3f9fd086c344e1aff3f77a68 [none]
[debug] [2023-04-02T13:43:13.753Z] >>> [apiv2][body] POST https://upload-firebasehosting.googleapis.com/upload/sites/integrate-with-nextjs/versions/5d688c9d83cf95c1/files/ce8049481d541c70f4db24fcf42634377ef9124d3f9fd086c344e1aff3f77a68 [stream]
[debug] [2023-04-02T13:43:13.753Z] >>> [apiv2][query] POST https://upload-firebasehosting.googleapis.com/upload/sites/integrate-with-nextjs/versions/5d688c9d83cf95c1/files/cd209411a73ed645b4188157c5b0ad5f2bd7fd7e2eb8e39afe2a9f03ebd335c4 [none]
[debug] [2023-04-02T13:43:13.753Z] >>> [apiv2][body] POST https://upload-firebasehosting.googleapis.com/upload/sites/integrate-with-nextjs/versions/5d688c9d83cf95c1/files/cd209411a73ed645b4188157c5b0ad5f2bd7fd7e2eb8e39afe2a9f03ebd335c4 [stream]
[debug] [2023-04-02T13:43:13.754Z] >>> [apiv2][query] POST https://upload-firebasehosting.googleapis.com/upload/sites/integrate-with-nextjs/versions/5d688c9d83cf95c1/files/66ec529020f9077d88cc343194d3d599b8cf9646faf6ef3d94e81f036939cfe6 [none]
[debug] [2023-04-02T13:43:13.754Z] >>> [apiv2][body] POST https://upload-firebasehosting.googleapis.com/upload/sites/integrate-with-nextjs/versions/5d688c9d83cf95c1/files/66ec529020f9077d88cc343194d3d599b8cf9646faf6ef3d94e81f036939cfe6 [stream]
[debug] [2023-04-02T13:43:13.754Z] >>> [apiv2][query] POST https://upload-firebasehosting.googleapis.com/upload/sites/integrate-with-nextjs/versions/5d688c9d83cf95c1/files/7b68b8a86a1882b346d8918938a62dbc85ecb871c9e7a7b7a123fca77be69d6c [none]
[debug] [2023-04-02T13:43:13.754Z] >>> [apiv2][body] POST https://upload-firebasehosting.googleapis.com/upload/sites/integrate-with-nextjs/versions/5d688c9d83cf95c1/files/7b68b8a86a1882b346d8918938a62dbc85ecb871c9e7a7b7a123fca77be69d6c [stream]
[debug] [2023-04-02T13:43:13.755Z] >>> [apiv2][query] POST https://upload-firebasehosting.googleapis.com/upload/sites/integrate-with-nextjs/versions/5d688c9d83cf95c1/files/341f8eeb10eece9821ba627cdf2e4b8ce5f845688ba7319e8e83b8a511ab6f72 [none]
[debug] [2023-04-02T13:43:13.755Z] >>> [apiv2][body] POST https://upload-firebasehosting.googleapis.com/upload/sites/integrate-with-nextjs/versions/5d688c9d83cf95c1/files/341f8eeb10eece9821ba627cdf2e4b8ce5f845688ba7319e8e83b8a511ab6f72 [stream]
[debug] [2023-04-02T13:43:13.756Z] >>> [apiv2][query] POST https://upload-firebasehosting.googleapis.com/upload/sites/integrate-with-nextjs/versions/5d688c9d83cf95c1/files/33c5c6ad1d08bb69d8026289530e377b4d6e2a96f24562e209fd1e1e9ccee64a [none]
[debug] [2023-04-02T13:43:13.756Z] >>> [apiv2][body] POST https://upload-firebasehosting.googleapis.com/upload/sites/integrate-with-nextjs/versions/5d688c9d83cf95c1/files/33c5c6ad1d08bb69d8026289530e377b4d6e2a96f24562e209fd1e1e9ccee64a [stream]
[debug] [2023-04-02T13:43:13.757Z] >>> [apiv2][query] POST https://upload-firebasehosting.googleapis.com/upload/sites/integrate-with-nextjs/versions/5d688c9d83cf95c1/files/75b7de1c71dca6f00976160e5d4cb768bde85f5f84d5d890490a7d294c460129 [none]
[debug] [2023-04-02T13:43:13.757Z] >>> [apiv2][body] POST https://upload-firebasehosting.googleapis.com/upload/sites/integrate-with-nextjs/versions/5d688c9d83cf95c1/files/75b7de1c71dca6f00976160e5d4cb768bde85f5f84d5d890490a7d294c460129 [stream]
[debug] [2023-04-02T13:43:13.757Z] >>> [apiv2][query] POST https://upload-firebasehosting.googleapis.com/upload/sites/integrate-with-nextjs/versions/5d688c9d83cf95c1/files/98399d8dd82c659c2f76feb22d115451d94a5d0c665521bccb3fb878d8a69b6b [none]
[debug] [2023-04-02T13:43:13.757Z] >>> [apiv2][body] POST https://upload-firebasehosting.googleapis.com/upload/sites/integrate-with-nextjs/versions/5d688c9d83cf95c1/files/98399d8dd82c659c2f76feb22d115451d94a5d0c665521bccb3fb878d8a69b6b [stream]
[debug] [2023-04-02T13:43:13.758Z] >>> [apiv2][query] POST https://upload-firebasehosting.googleapis.com/upload/sites/integrate-with-nextjs/versions/5d688c9d83cf95c1/files/aba23275a3c1380bfc8d467fd921b0c209e7182dbdaa02611c3a496b0b3b34ec [none]
[debug] [2023-04-02T13:43:13.758Z] >>> [apiv2][body] POST https://upload-firebasehosting.googleapis.com/upload/sites/integrate-with-nextjs/versions/5d688c9d83cf95c1/files/aba23275a3c1380bfc8d467fd921b0c209e7182dbdaa02611c3a496b0b3b34ec [stream]
[debug] [2023-04-02T13:43:13.758Z] >>> [apiv2][query] POST https://upload-firebasehosting.googleapis.com/upload/sites/integrate-with-nextjs/versions/5d688c9d83cf95c1/files/4749e5cf2e1bfbbfdb9c0de59f1b53db7ca4534a8f2bdc32d78075efa082cb16 [none]
[debug] [2023-04-02T13:43:13.758Z] >>> [apiv2][body] POST https://upload-firebasehosting.googleapis.com/upload/sites/integrate-with-nextjs/versions/5d688c9d83cf95c1/files/4749e5cf2e1bfbbfdb9c0de59f1b53db7ca4534a8f2bdc32d78075efa082cb16 [stream]
[debug] [2023-04-02T13:43:13.758Z] >>> [apiv2][query] POST https://upload-firebasehosting.googleapis.com/upload/sites/integrate-with-nextjs/versions/5d688c9d83cf95c1/files/2a84381cd80cb536c8cb20c9ae32c701aeff714b9bc2f3bf362fc1bec81c844a [none]
[debug] [2023-04-02T13:43:13.759Z] >>> [apiv2][body] POST https://upload-firebasehosting.googleapis.com/upload/sites/integrate-with-nextjs/versions/5d688c9d83cf95c1/files/2a84381cd80cb536c8cb20c9ae32c701aeff714b9bc2f3bf362fc1bec81c844a [stream]
[debug] [2023-04-02T13:43:13.759Z] >>> [apiv2][query] POST https://upload-firebasehosting.googleapis.com/upload/sites/integrate-with-nextjs/versions/5d688c9d83cf95c1/files/a5c2a67f2ad19433195ad0f6ee1bef9364d148e2351d47b275a8f365076e9f40 [none]
[debug] [2023-04-02T13:43:13.759Z] >>> [apiv2][body] POST https://upload-firebasehosting.googleapis.com/upload/sites/integrate-with-nextjs/versions/5d688c9d83cf95c1/files/a5c2a67f2ad19433195ad0f6ee1bef9364d148e2351d47b275a8f365076e9f40 [stream]
[debug] [2023-04-02T13:43:13.759Z] >>> [apiv2][query] POST https://upload-firebasehosting.googleapis.com/upload/sites/integrate-with-nextjs/versions/5d688c9d83cf95c1/files/1f833756435329d8905fca9424306d61f5c1707afc00937f4715050d69d1f084 [none]
[debug] [2023-04-02T13:43:13.759Z] >>> [apiv2][body] POST https://upload-firebasehosting.googleapis.com/upload/sites/integrate-with-nextjs/versions/5d688c9d83cf95c1/files/1f833756435329d8905fca9424306d61f5c1707afc00937f4715050d69d1f084 [stream]
[debug] [2023-04-02T13:43:13.760Z] >>> [apiv2][query] POST https://upload-firebasehosting.googleapis.com/upload/sites/integrate-with-nextjs/versions/5d688c9d83cf95c1/files/0de8fbb7ff6f0efd9c2f3507f617b3ae43a8edf8d1d903d65a3e9cd85d40ec80 [none]
[debug] [2023-04-02T13:43:13.760Z] >>> [apiv2][body] POST https://upload-firebasehosting.googleapis.com/upload/sites/integrate-with-nextjs/versions/5d688c9d83cf95c1/files/0de8fbb7ff6f0efd9c2f3507f617b3ae43a8edf8d1d903d65a3e9cd85d40ec80 [stream]
[debug] [2023-04-02T13:43:13.760Z] >>> [apiv2][query] POST https://upload-firebasehosting.googleapis.com/upload/sites/integrate-with-nextjs/versions/5d688c9d83cf95c1/files/58246211b76db6dbedd3983e451c673d2ffa82c332c5490d1db52134dae52c4c [none]
[debug] [2023-04-02T13:43:13.760Z] >>> [apiv2][body] POST https://upload-firebasehosting.googleapis.com/upload/sites/integrate-with-nextjs/versions/5d688c9d83cf95c1/files/58246211b76db6dbedd3983e451c673d2ffa82c332c5490d1db52134dae52c4c [stream]
[debug] [2023-04-02T13:43:13.761Z] >>> [apiv2][query] POST https://upload-firebasehosting.googleapis.com/upload/sites/integrate-with-nextjs/versions/5d688c9d83cf95c1/files/80b15feaba5060ab0f867e9a7512eb95ec390bc76fa8922c943dd3797fa2eb78 [none]
[debug] [2023-04-02T13:43:13.761Z] >>> [apiv2][body] POST https://upload-firebasehosting.googleapis.com/upload/sites/integrate-with-nextjs/versions/5d688c9d83cf95c1/files/80b15feaba5060ab0f867e9a7512eb95ec390bc76fa8922c943dd3797fa2eb78 [stream]
[debug] [2023-04-02T13:43:13.762Z] >>> [apiv2][query] POST https://upload-firebasehosting.googleapis.com/upload/sites/integrate-with-nextjs/versions/5d688c9d83cf95c1/files/d12469fd220d00840482df6635fc1cb406b33916ed5b981b5207ec123461aa9e [none]
[debug] [2023-04-02T13:43:13.762Z] >>> [apiv2][body] POST https://upload-firebasehosting.googleapis.com/upload/sites/integrate-with-nextjs/versions/5d688c9d83cf95c1/files/d12469fd220d00840482df6635fc1cb406b33916ed5b981b5207ec123461aa9e [stream]
[debug] [2023-04-02T13:43:13.762Z] >>> [apiv2][query] POST https://upload-firebasehosting.googleapis.com/upload/sites/integrate-with-nextjs/versions/5d688c9d83cf95c1/files/6f1f5d55de9596ff72818bb72d240dea778610edc71907551f9218f2fd28d567 [none]
[debug] [2023-04-02T13:43:13.762Z] >>> [apiv2][body] POST https://upload-firebasehosting.googleapis.com/upload/sites/integrate-with-nextjs/versions/5d688c9d83cf95c1/files/6f1f5d55de9596ff72818bb72d240dea778610edc71907551f9218f2fd28d567 [stream]
[debug] [2023-04-02T13:43:13.763Z] >>> [apiv2][query] POST https://upload-firebasehosting.googleapis.com/upload/sites/integrate-with-nextjs/versions/5d688c9d83cf95c1/files/23b66f06ae0de7c955b12751edf341301743b7ef23171ea504ba992767a42394 [none]
[debug] [2023-04-02T13:43:13.763Z] >>> [apiv2][body] POST https://upload-firebasehosting.googleapis.com/upload/sites/integrate-with-nextjs/versions/5d688c9d83cf95c1/files/23b66f06ae0de7c955b12751edf341301743b7ef23171ea504ba992767a42394 [stream]
[debug] [2023-04-02T13:43:13.763Z] >>> [apiv2][query] POST https://upload-firebasehosting.googleapis.com/upload/sites/integrate-with-nextjs/versions/5d688c9d83cf95c1/files/04614fc32690cb60b39e472119b7f7aa91d88eaeb8511a7489f8cbe1552e6e59 [none]
[debug] [2023-04-02T13:43:13.763Z] >>> [apiv2][body] POST https://upload-firebasehosting.googleapis.com/upload/sites/integrate-with-nextjs/versions/5d688c9d83cf95c1/files/04614fc32690cb60b39e472119b7f7aa91d88eaeb8511a7489f8cbe1552e6e59 [stream]
[debug] [2023-04-02T13:43:13.763Z] >>> [apiv2][query] POST https://upload-firebasehosting.googleapis.com/upload/sites/integrate-with-nextjs/versions/5d688c9d83cf95c1/files/43ee6ef2612f5b1a6a4da26f6794a153e3a114ca63e5514b42fe971a591c14f1 [none]
[debug] [2023-04-02T13:43:13.763Z] >>> [apiv2][body] POST https://upload-firebasehosting.googleapis.com/upload/sites/integrate-with-nextjs/versions/5d688c9d83cf95c1/files/43ee6ef2612f5b1a6a4da26f6794a153e3a114ca63e5514b42fe971a591c14f1 [stream]
[debug] [2023-04-02T13:43:13.764Z] >>> [apiv2][query] POST https://upload-firebasehosting.googleapis.com/upload/sites/integrate-with-nextjs/versions/5d688c9d83cf95c1/files/15a00ba14c06deda6f14cc1ab3adeb0368e868f9b93a539f247847434ae671a1 [none]
[debug] [2023-04-02T13:43:13.764Z] >>> [apiv2][body] POST https://upload-firebasehosting.googleapis.com/upload/sites/integrate-with-nextjs/versions/5d688c9d83cf95c1/files/15a00ba14c06deda6f14cc1ab3adeb0368e868f9b93a539f247847434ae671a1 [stream]
[debug] [2023-04-02T13:43:13.764Z] >>> [apiv2][query] POST https://upload-firebasehosting.googleapis.com/upload/sites/integrate-with-nextjs/versions/5d688c9d83cf95c1/files/9125e2daf16cf67750042d05cadbc2d52f21d5641d8826d240adfd57f7184d9f [none]
[debug] [2023-04-02T13:43:13.764Z] >>> [apiv2][body] POST https://upload-firebasehosting.googleapis.com/upload/sites/integrate-with-nextjs/versions/5d688c9d83cf95c1/files/9125e2daf16cf67750042d05cadbc2d52f21d5641d8826d240adfd57f7184d9f [stream]
[debug] [2023-04-02T13:43:13.764Z] [hosting][populate queue][FINAL] {"max":1058,"min":1058,"avg":1058,"active":0,"complete":1,"success":1,"errored":0,"retried":0,"total":1,"elapsed":1070}
[debug] [2023-04-02T13:43:13.764Z] [hosting] uploads queued: 25
[debug] [2023-04-02T13:43:14.934Z] <<< [apiv2][status] POST https://upload-firebasehosting.googleapis.com/upload/sites/integrate-with-nextjs/versions/5d688c9d83cf95c1/files/341f8eeb10eece9821ba627cdf2e4b8ce5f845688ba7319e8e83b8a511ab6f72 200
[debug] [2023-04-02T13:43:14.934Z] <<< [apiv2][body] POST https://upload-firebasehosting.googleapis.com/upload/sites/integrate-with-nextjs/versions/5d688c9d83cf95c1/files/341f8eeb10eece9821ba627cdf2e4b8ce5f845688ba7319e8e83b8a511ab6f72 [stream]
[debug] [2023-04-02T13:43:14.943Z] <<< [apiv2][status] POST https://upload-firebasehosting.googleapis.com/upload/sites/integrate-with-nextjs/versions/5d688c9d83cf95c1/files/58246211b76db6dbedd3983e451c673d2ffa82c332c5490d1db52134dae52c4c 200
[debug] [2023-04-02T13:43:14.943Z] <<< [apiv2][body] POST https://upload-firebasehosting.googleapis.com/upload/sites/integrate-with-nextjs/versions/5d688c9d83cf95c1/files/58246211b76db6dbedd3983e451c673d2ffa82c332c5490d1db52134dae52c4c [stream]
[debug] [2023-04-02T13:43:14.955Z] <<< [apiv2][status] POST https://upload-firebasehosting.googleapis.com/upload/sites/integrate-with-nextjs/versions/5d688c9d83cf95c1/files/66ec529020f9077d88cc343194d3d599b8cf9646faf6ef3d94e81f036939cfe6 200
[debug] [2023-04-02T13:43:14.955Z] <<< [apiv2][body] POST https://upload-firebasehosting.googleapis.com/upload/sites/integrate-with-nextjs/versions/5d688c9d83cf95c1/files/66ec529020f9077d88cc343194d3d599b8cf9646faf6ef3d94e81f036939cfe6 [stream]
[debug] [2023-04-02T13:43:14.986Z] <<< [apiv2][status] POST https://upload-firebasehosting.googleapis.com/upload/sites/integrate-with-nextjs/versions/5d688c9d83cf95c1/files/4b9c0f01017bb87197f2ae0bd9717239fadf854131b34cce7b0f74ff6d513a4b 200
[debug] [2023-04-02T13:43:14.986Z] <<< [apiv2][body] POST https://upload-firebasehosting.googleapis.com/upload/sites/integrate-with-nextjs/versions/5d688c9d83cf95c1/files/4b9c0f01017bb87197f2ae0bd9717239fadf854131b34cce7b0f74ff6d513a4b [stream]
[debug] [2023-04-02T13:43:14.986Z] <<< [apiv2][status] POST https://upload-firebasehosting.googleapis.com/upload/sites/integrate-with-nextjs/versions/5d688c9d83cf95c1/files/aba23275a3c1380bfc8d467fd921b0c209e7182dbdaa02611c3a496b0b3b34ec 200
[debug] [2023-04-02T13:43:14.986Z] <<< [apiv2][body] POST https://upload-firebasehosting.googleapis.com/upload/sites/integrate-with-nextjs/versions/5d688c9d83cf95c1/files/aba23275a3c1380bfc8d467fd921b0c209e7182dbdaa02611c3a496b0b3b34ec [stream]
[debug] [2023-04-02T13:43:15.019Z] <<< [apiv2][status] POST https://upload-firebasehosting.googleapis.com/upload/sites/integrate-with-nextjs/versions/5d688c9d83cf95c1/files/9125e2daf16cf67750042d05cadbc2d52f21d5641d8826d240adfd57f7184d9f 200
[debug] [2023-04-02T13:43:15.019Z] <<< [apiv2][body] POST https://upload-firebasehosting.googleapis.com/upload/sites/integrate-with-nextjs/versions/5d688c9d83cf95c1/files/9125e2daf16cf67750042d05cadbc2d52f21d5641d8826d240adfd57f7184d9f [stream]
[debug] [2023-04-02T13:43:15.067Z] <<< [apiv2][status] POST https://upload-firebasehosting.googleapis.com/upload/sites/integrate-with-nextjs/versions/5d688c9d83cf95c1/files/ce8049481d541c70f4db24fcf42634377ef9124d3f9fd086c344e1aff3f77a68 200
[debug] [2023-04-02T13:43:15.067Z] <<< [apiv2][body] POST https://upload-firebasehosting.googleapis.com/upload/sites/integrate-with-nextjs/versions/5d688c9d83cf95c1/files/ce8049481d541c70f4db24fcf42634377ef9124d3f9fd086c344e1aff3f77a68 [stream]
[debug] [2023-04-02T13:43:15.117Z] <<< [apiv2][status] POST https://upload-firebasehosting.googleapis.com/upload/sites/integrate-with-nextjs/versions/5d688c9d83cf95c1/files/1f833756435329d8905fca9424306d61f5c1707afc00937f4715050d69d1f084 200
[debug] [2023-04-02T13:43:15.117Z] <<< [apiv2][body] POST https://upload-firebasehosting.googleapis.com/upload/sites/integrate-with-nextjs/versions/5d688c9d83cf95c1/files/1f833756435329d8905fca9424306d61f5c1707afc00937f4715050d69d1f084 [stream]
[debug] [2023-04-02T13:43:15.122Z] <<< [apiv2][status] POST https://upload-firebasehosting.googleapis.com/upload/sites/integrate-with-nextjs/versions/5d688c9d83cf95c1/files/33c5c6ad1d08bb69d8026289530e377b4d6e2a96f24562e209fd1e1e9ccee64a 200
[debug] [2023-04-02T13:43:15.122Z] <<< [apiv2][body] POST https://upload-firebasehosting.googleapis.com/upload/sites/integrate-with-nextjs/versions/5d688c9d83cf95c1/files/33c5c6ad1d08bb69d8026289530e377b4d6e2a96f24562e209fd1e1e9ccee64a [stream]
[debug] [2023-04-02T13:43:15.137Z] <<< [apiv2][status] POST https://upload-firebasehosting.googleapis.com/upload/sites/integrate-with-nextjs/versions/5d688c9d83cf95c1/files/23b66f06ae0de7c955b12751edf341301743b7ef23171ea504ba992767a42394 200
[debug] [2023-04-02T13:43:15.137Z] <<< [apiv2][body] POST https://upload-firebasehosting.googleapis.com/upload/sites/integrate-with-nextjs/versions/5d688c9d83cf95c1/files/23b66f06ae0de7c955b12751edf341301743b7ef23171ea504ba992767a42394 [stream]
[debug] [2023-04-02T13:43:15.148Z] <<< [apiv2][status] POST https://upload-firebasehosting.googleapis.com/upload/sites/integrate-with-nextjs/versions/5d688c9d83cf95c1/files/75b7de1c71dca6f00976160e5d4cb768bde85f5f84d5d890490a7d294c460129 200
[debug] [2023-04-02T13:43:15.148Z] <<< [apiv2][body] POST https://upload-firebasehosting.googleapis.com/upload/sites/integrate-with-nextjs/versions/5d688c9d83cf95c1/files/75b7de1c71dca6f00976160e5d4cb768bde85f5f84d5d890490a7d294c460129 [stream]
[debug] [2023-04-02T13:43:15.159Z] <<< [apiv2][status] POST https://upload-firebasehosting.googleapis.com/upload/sites/integrate-with-nextjs/versions/5d688c9d83cf95c1/files/15a00ba14c06deda6f14cc1ab3adeb0368e868f9b93a539f247847434ae671a1 200
[debug] [2023-04-02T13:43:15.159Z] <<< [apiv2][body] POST https://upload-firebasehosting.googleapis.com/upload/sites/integrate-with-nextjs/versions/5d688c9d83cf95c1/files/15a00ba14c06deda6f14cc1ab3adeb0368e868f9b93a539f247847434ae671a1 [stream]
[debug] [2023-04-02T13:43:15.171Z] <<< [apiv2][status] POST https://upload-firebasehosting.googleapis.com/upload/sites/integrate-with-nextjs/versions/5d688c9d83cf95c1/files/0de8fbb7ff6f0efd9c2f3507f617b3ae43a8edf8d1d903d65a3e9cd85d40ec80 200
[debug] [2023-04-02T13:43:15.171Z] <<< [apiv2][body] POST https://upload-firebasehosting.googleapis.com/upload/sites/integrate-with-nextjs/versions/5d688c9d83cf95c1/files/0de8fbb7ff6f0efd9c2f3507f617b3ae43a8edf8d1d903d65a3e9cd85d40ec80 [stream]
[debug] [2023-04-02T13:43:15.203Z] <<< [apiv2][status] POST https://upload-firebasehosting.googleapis.com/upload/sites/integrate-with-nextjs/versions/5d688c9d83cf95c1/files/80b15feaba5060ab0f867e9a7512eb95ec390bc76fa8922c943dd3797fa2eb78 200
[debug] [2023-04-02T13:43:15.204Z] <<< [apiv2][body] POST https://upload-firebasehosting.googleapis.com/upload/sites/integrate-with-nextjs/versions/5d688c9d83cf95c1/files/80b15feaba5060ab0f867e9a7512eb95ec390bc76fa8922c943dd3797fa2eb78 [stream]
[debug] [2023-04-02T13:43:15.210Z] <<< [apiv2][status] POST https://upload-firebasehosting.googleapis.com/upload/sites/integrate-with-nextjs/versions/5d688c9d83cf95c1/files/050cf144c66d31541e6b59bf0844ef6a76efac47741486fbe4ea1bdd50526970 200
[debug] [2023-04-02T13:43:15.210Z] <<< [apiv2][body] POST https://upload-firebasehosting.googleapis.com/upload/sites/integrate-with-nextjs/versions/5d688c9d83cf95c1/files/050cf144c66d31541e6b59bf0844ef6a76efac47741486fbe4ea1bdd50526970 [stream]
[debug] [2023-04-02T13:43:15.240Z] <<< [apiv2][status] POST https://upload-firebasehosting.googleapis.com/upload/sites/integrate-with-nextjs/versions/5d688c9d83cf95c1/files/98399d8dd82c659c2f76feb22d115451d94a5d0c665521bccb3fb878d8a69b6b 200
[debug] [2023-04-02T13:43:15.240Z] <<< [apiv2][body] POST https://upload-firebasehosting.googleapis.com/upload/sites/integrate-with-nextjs/versions/5d688c9d83cf95c1/files/98399d8dd82c659c2f76feb22d115451d94a5d0c665521bccb3fb878d8a69b6b [stream]
[debug] [2023-04-02T13:43:15.381Z] <<< [apiv2][status] POST https://upload-firebasehosting.googleapis.com/upload/sites/integrate-with-nextjs/versions/5d688c9d83cf95c1/files/7b68b8a86a1882b346d8918938a62dbc85ecb871c9e7a7b7a123fca77be69d6c 200
[debug] [2023-04-02T13:43:15.381Z] <<< [apiv2][body] POST https://upload-firebasehosting.googleapis.com/upload/sites/integrate-with-nextjs/versions/5d688c9d83cf95c1/files/7b68b8a86a1882b346d8918938a62dbc85ecb871c9e7a7b7a123fca77be69d6c [stream]
[debug] [2023-04-02T13:43:15.385Z] <<< [apiv2][status] POST https://upload-firebasehosting.googleapis.com/upload/sites/integrate-with-nextjs/versions/5d688c9d83cf95c1/files/d12469fd220d00840482df6635fc1cb406b33916ed5b981b5207ec123461aa9e 200
[debug] [2023-04-02T13:43:15.386Z] <<< [apiv2][body] POST https://upload-firebasehosting.googleapis.com/upload/sites/integrate-with-nextjs/versions/5d688c9d83cf95c1/files/d12469fd220d00840482df6635fc1cb406b33916ed5b981b5207ec123461aa9e [stream]
[debug] [2023-04-02T13:43:15.388Z] <<< [apiv2][status] POST https://upload-firebasehosting.googleapis.com/upload/sites/integrate-with-nextjs/versions/5d688c9d83cf95c1/files/2a84381cd80cb536c8cb20c9ae32c701aeff714b9bc2f3bf362fc1bec81c844a 200
[debug] [2023-04-02T13:43:15.388Z] <<< [apiv2][body] POST https://upload-firebasehosting.googleapis.com/upload/sites/integrate-with-nextjs/versions/5d688c9d83cf95c1/files/2a84381cd80cb536c8cb20c9ae32c701aeff714b9bc2f3bf362fc1bec81c844a [stream]
[debug] [2023-04-02T13:43:15.708Z] <<< [apiv2][status] POST https://upload-firebasehosting.googleapis.com/upload/sites/integrate-with-nextjs/versions/5d688c9d83cf95c1/files/cd209411a73ed645b4188157c5b0ad5f2bd7fd7e2eb8e39afe2a9f03ebd335c4 200
[debug] [2023-04-02T13:43:15.708Z] <<< [apiv2][body] POST https://upload-firebasehosting.googleapis.com/upload/sites/integrate-with-nextjs/versions/5d688c9d83cf95c1/files/cd209411a73ed645b4188157c5b0ad5f2bd7fd7e2eb8e39afe2a9f03ebd335c4 [stream]
[debug] [2023-04-02T13:43:15.841Z] <<< [apiv2][status] POST https://upload-firebasehosting.googleapis.com/upload/sites/integrate-with-nextjs/versions/5d688c9d83cf95c1/files/4749e5cf2e1bfbbfdb9c0de59f1b53db7ca4534a8f2bdc32d78075efa082cb16 200
[debug] [2023-04-02T13:43:15.841Z] <<< [apiv2][body] POST https://upload-firebasehosting.googleapis.com/upload/sites/integrate-with-nextjs/versions/5d688c9d83cf95c1/files/4749e5cf2e1bfbbfdb9c0de59f1b53db7ca4534a8f2bdc32d78075efa082cb16 [stream]
[debug] [2023-04-02T13:43:16.023Z] <<< [apiv2][status] POST https://upload-firebasehosting.googleapis.com/upload/sites/integrate-with-nextjs/versions/5d688c9d83cf95c1/files/a5c2a67f2ad19433195ad0f6ee1bef9364d148e2351d47b275a8f365076e9f40 200
[debug] [2023-04-02T13:43:16.023Z] <<< [apiv2][body] POST https://upload-firebasehosting.googleapis.com/upload/sites/integrate-with-nextjs/versions/5d688c9d83cf95c1/files/a5c2a67f2ad19433195ad0f6ee1bef9364d148e2351d47b275a8f365076e9f40 [stream]
[debug] [2023-04-02T13:43:16.200Z] <<< [apiv2][status] POST https://upload-firebasehosting.googleapis.com/upload/sites/integrate-with-nextjs/versions/5d688c9d83cf95c1/files/43ee6ef2612f5b1a6a4da26f6794a153e3a114ca63e5514b42fe971a591c14f1 200
[debug] [2023-04-02T13:43:16.200Z] <<< [apiv2][body] POST https://upload-firebasehosting.googleapis.com/upload/sites/integrate-with-nextjs/versions/5d688c9d83cf95c1/files/43ee6ef2612f5b1a6a4da26f6794a153e3a114ca63e5514b42fe971a591c14f1 [stream]
[debug] [2023-04-02T13:43:16.229Z] <<< [apiv2][status] POST https://upload-firebasehosting.googleapis.com/upload/sites/integrate-with-nextjs/versions/5d688c9d83cf95c1/files/04614fc32690cb60b39e472119b7f7aa91d88eaeb8511a7489f8cbe1552e6e59 200
[debug] [2023-04-02T13:43:16.230Z] <<< [apiv2][body] POST https://upload-firebasehosting.googleapis.com/upload/sites/integrate-with-nextjs/versions/5d688c9d83cf95c1/files/04614fc32690cb60b39e472119b7f7aa91d88eaeb8511a7489f8cbe1552e6e59 [stream]
[debug] [2023-04-02T13:43:16.421Z] <<< [apiv2][status] POST https://upload-firebasehosting.googleapis.com/upload/sites/integrate-with-nextjs/versions/5d688c9d83cf95c1/files/6f1f5d55de9596ff72818bb72d240dea778610edc71907551f9218f2fd28d567 200
[debug] [2023-04-02T13:43:16.422Z] <<< [apiv2][body] POST https://upload-firebasehosting.googleapis.com/upload/sites/integrate-with-nextjs/versions/5d688c9d83cf95c1/files/6f1f5d55de9596ff72818bb72d240dea778610edc71907551f9218f2fd28d567 [stream]
[debug] [2023-04-02T13:43:16.422Z] [hosting][upload queue][FINAL] {"max":2671,"min":1184,"avg":1608.76,"active":0,"complete":25,"success":25,"errored":0,"retried":0,"total":25,"elapsed":2673}
[info] ✔  hosting[integrate-with-nextjs]: file upload complete 
[debug] [2023-04-02T13:43:16.422Z] [hosting] deploy completed after 3772ms
[info] i  functions: creating Node.js 18 function firebase-frameworks-integrate-with-nextjs:ssrintegratewithnextjs(us-central1)... 
[debug] [2023-04-02T13:43:16.428Z] >>> [apiv2][query] POST https://cloudfunctions.googleapis.com/v2/projects/integrate-with-nextjs/locations/us-central1/functions functionId=ssrintegratewithnextjs
[debug] [2023-04-02T13:43:16.428Z] >>> [apiv2][body] POST https://cloudfunctions.googleapis.com/v2/projects/integrate-with-nextjs/locations/us-central1/functions {"name":"projects/integrate-with-nextjs/locations/us-central1/functions/ssrintegratewithnextjs","buildConfig":{"runtime":"nodejs18","entryPoint":"ssr","source":{"storageSource":{"bucket":"gcf-v2-uploads-941577112619-us-central1","object":"788e1d25-7fb4-4dd2-a73a-20604ac0000f.zip"}},"environmentVariables":{}},"serviceConfig":{"environmentVariables":{"__FIREBASE_FRAMEWORKS_ENTRY__":"next.js","FIREBASE_CONFIG":"{\"projectId\":\"integrate-with-nextjs\",\"storageBucket\":\"integrate-with-nextjs.appspot.com\"}","GCLOUD_PROJECT":"integrate-with-nextjs","EVENTARC_CLOUD_EVENT_SOURCE":"projects/integrate-with-nextjs/locations/us-central1/services/ssrintegratewithnextjs"},"availableMemory":"256Mi"},"labels":{"deployment-tool":"cli-firebase","firebase-functions-codebase":"firebase-frameworks-integrate-with-nextjs","firebase-functions-hash":"f6b3475dfbd91cefe421531379fcb7f2d0da5402"}}
[debug] [2023-04-02T13:43:19.110Z] <<< [apiv2][status] POST https://cloudfunctions.googleapis.com/v2/projects/integrate-with-nextjs/locations/us-central1/functions 200
[debug] [2023-04-02T13:43:19.110Z] <<< [apiv2][body] POST https://cloudfunctions.googleapis.com/v2/projects/integrate-with-nextjs/locations/us-central1/functions {"name":"projects/integrate-with-nextjs/locations/us-central1/operations/operation-1680442997795-5f85a9ff2e8d6-e73acfcf-a8f4c60d","metadata":{"@type":"type.googleapis.com/google.cloud.functions.v2.OperationMetadata","createTime":"2023-04-02T13:43:18.952754847Z","target":"projects/integrate-with-nextjs/locations/us-central1/functions/ssrintegratewithnextjs","verb":"create","cancelRequested":false,"apiVersion":"v2"},"done":false}
[debug] [2023-04-02T13:43:19.111Z] >>> [apiv2][query] GET https://cloudfunctions.googleapis.com/v2/projects/integrate-with-nextjs/locations/us-central1/operations/operation-1680442997795-5f85a9ff2e8d6-e73acfcf-a8f4c60d [none]
[debug] [2023-04-02T13:43:20.649Z] <<< [apiv2][status] GET https://cloudfunctions.googleapis.com/v2/projects/integrate-with-nextjs/locations/us-central1/operations/operation-1680442997795-5f85a9ff2e8d6-e73acfcf-a8f4c60d 200
[debug] [2023-04-02T13:43:20.649Z] <<< [apiv2][body] GET https://cloudfunctions.googleapis.com/v2/projects/integrate-with-nextjs/locations/us-central1/operations/operation-1680442997795-5f85a9ff2e8d6-e73acfcf-a8f4c60d {"name":"projects/integrate-with-nextjs/locations/us-central1/operations/operation-1680442997795-5f85a9ff2e8d6-e73acfcf-a8f4c60d","metadata":{"@type":"type.googleapis.com/google.cloud.functions.v2.OperationMetadata","createTime":"2023-04-02T13:43:18.952754847Z","target":"projects/integrate-with-nextjs/locations/us-central1/functions/ssrintegratewithnextjs","verb":"create","cancelRequested":false,"apiVersion":"v2","requestResource":{"@type":"type.googleapis.com/google.cloud.functions.v2.Function","name":"projects/integrate-with-nextjs/locations/us-central1/functions/ssrintegratewithnextjs","buildConfig":{"runtime":"nodejs18","entryPoint":"ssr","source":{"storageSource":{"bucket":"gcf-v2-sources-941577112619-us-central1","object":"ssrintegratewithnextjs/function-source.zip"}}},"serviceConfig":{"service":"projects/integrate-with-nextjs/locations/us-central1/services/ssrintegratewithnextjs","timeoutSeconds":60,"environmentVariables":{"__FIREBASE_FRAMEWORKS_ENTRY__":"next.js","FIREBASE_CONFIG":"{\"projectId\":\"integrate-with-nextjs\",\"storageBucket\":\"integrate-with-nextjs.appspot.com\"}","GCLOUD_PROJECT":"integrate-with-nextjs","EVENTARC_CLOUD_EVENT_SOURCE":"projects/integrate-with-nextjs/locations/us-central1/services/ssrintegratewithnextjs"},"maxInstanceCount":100,"ingressSettings":"ALLOW_ALL","serviceAccountEmail":"941577112619-compute@developer.gserviceaccount.com","availableMemory":"256Mi","maxInstanceRequestConcurrency":1},"labels":{"deployment-tool":"cli-firebase","firebase-functions-codebase":"firebase-frameworks-integrate-with-nextjs","firebase-functions-hash":"f6b3475dfbd91cefe421531379fcb7f2d0da5402"},"environment":"GEN_2"},"stages":[{"name":"BUILD","state":"NOT_STARTED"},{"name":"SERVICE","state":"NOT_STARTED"}]},"done":false}
[debug] [2023-04-02T13:43:21.151Z] [create-firebase-frameworks-integrate-with-nextjs-us-central1-ssrintegratewithnextjs] Retrying task index 0
[debug] [2023-04-02T13:43:21.151Z] >>> [apiv2][query] GET https://cloudfunctions.googleapis.com/v2/projects/integrate-with-nextjs/locations/us-central1/operations/operation-1680442997795-5f85a9ff2e8d6-e73acfcf-a8f4c60d [none]
[debug] [2023-04-02T13:43:22.504Z] <<< [apiv2][status] GET https://cloudfunctions.googleapis.com/v2/projects/integrate-with-nextjs/locations/us-central1/operations/operation-1680442997795-5f85a9ff2e8d6-e73acfcf-a8f4c60d 200
[debug] [2023-04-02T13:43:22.504Z] <<< [apiv2][body] GET https://cloudfunctions.googleapis.com/v2/projects/integrate-with-nextjs/locations/us-central1/operations/operation-1680442997795-5f85a9ff2e8d6-e73acfcf-a8f4c60d {"name":"projects/integrate-with-nextjs/locations/us-central1/operations/operation-1680442997795-5f85a9ff2e8d6-e73acfcf-a8f4c60d","metadata":{"@type":"type.googleapis.com/google.cloud.functions.v2.OperationMetadata","createTime":"2023-04-02T13:43:18.952754847Z","target":"projects/integrate-with-nextjs/locations/us-central1/functions/ssrintegratewithnextjs","verb":"create","cancelRequested":false,"apiVersion":"v2","requestResource":{"@type":"type.googleapis.com/google.cloud.functions.v2.Function","name":"projects/integrate-with-nextjs/locations/us-central1/functions/ssrintegratewithnextjs","buildConfig":{"runtime":"nodejs18","entryPoint":"ssr","source":{"storageSource":{"bucket":"gcf-v2-sources-941577112619-us-central1","object":"ssrintegratewithnextjs/function-source.zip"}}},"serviceConfig":{"service":"projects/integrate-with-nextjs/locations/us-central1/services/ssrintegratewithnextjs","timeoutSeconds":60,"environmentVariables":{"__FIREBASE_FRAMEWORKS_ENTRY__":"next.js","FIREBASE_CONFIG":"{\"projectId\":\"integrate-with-nextjs\",\"storageBucket\":\"integrate-with-nextjs.appspot.com\"}","GCLOUD_PROJECT":"integrate-with-nextjs","EVENTARC_CLOUD_EVENT_SOURCE":"projects/integrate-with-nextjs/locations/us-central1/services/ssrintegratewithnextjs"},"maxInstanceCount":100,"ingressSettings":"ALLOW_ALL","serviceAccountEmail":"941577112619-compute@developer.gserviceaccount.com","availableMemory":"256Mi","maxInstanceRequestConcurrency":1},"labels":{"deployment-tool":"cli-firebase","firebase-functions-codebase":"firebase-frameworks-integrate-with-nextjs","firebase-functions-hash":"f6b3475dfbd91cefe421531379fcb7f2d0da5402"},"environment":"GEN_2"},"stages":[{"name":"BUILD","state":"NOT_STARTED"},{"name":"SERVICE","state":"NOT_STARTED"}]},"done":false}
[debug] [2023-04-02T13:43:23.507Z] [create-firebase-frameworks-integrate-with-nextjs-us-central1-ssrintegratewithnextjs] Retrying task index 0
[debug] [2023-04-02T13:43:23.507Z] >>> [apiv2][query] GET https://cloudfunctions.googleapis.com/v2/projects/integrate-with-nextjs/locations/us-central1/operations/operation-1680442997795-5f85a9ff2e8d6-e73acfcf-a8f4c60d [none]
[debug] [2023-04-02T13:43:25.060Z] <<< [apiv2][status] GET https://cloudfunctions.googleapis.com/v2/projects/integrate-with-nextjs/locations/us-central1/operations/operation-1680442997795-5f85a9ff2e8d6-e73acfcf-a8f4c60d 200
[debug] [2023-04-02T13:43:25.060Z] <<< [apiv2][body] GET https://cloudfunctions.googleapis.com/v2/projects/integrate-with-nextjs/locations/us-central1/operations/operation-1680442997795-5f85a9ff2e8d6-e73acfcf-a8f4c60d {"name":"projects/integrate-with-nextjs/locations/us-central1/operations/operation-1680442997795-5f85a9ff2e8d6-e73acfcf-a8f4c60d","metadata":{"@type":"type.googleapis.com/google.cloud.functions.v2.OperationMetadata","createTime":"2023-04-02T13:43:18.952754847Z","target":"projects/integrate-with-nextjs/locations/us-central1/functions/ssrintegratewithnextjs","verb":"create","cancelRequested":false,"apiVersion":"v2","requestResource":{"@type":"type.googleapis.com/google.cloud.functions.v2.Function","name":"projects/integrate-with-nextjs/locations/us-central1/functions/ssrintegratewithnextjs","buildConfig":{"runtime":"nodejs18","entryPoint":"ssr","source":{"storageSource":{"bucket":"gcf-v2-sources-941577112619-us-central1","object":"ssrintegratewithnextjs/function-source.zip"}}},"serviceConfig":{"service":"projects/integrate-with-nextjs/locations/us-central1/services/ssrintegratewithnextjs","timeoutSeconds":60,"environmentVariables":{"__FIREBASE_FRAMEWORKS_ENTRY__":"next.js","FIREBASE_CONFIG":"{\"projectId\":\"integrate-with-nextjs\",\"storageBucket\":\"integrate-with-nextjs.appspot.com\"}","GCLOUD_PROJECT":"integrate-with-nextjs","EVENTARC_CLOUD_EVENT_SOURCE":"projects/integrate-with-nextjs/locations/us-central1/services/ssrintegratewithnextjs"},"maxInstanceCount":100,"ingressSettings":"ALLOW_ALL","serviceAccountEmail":"941577112619-compute@developer.gserviceaccount.com","availableMemory":"256Mi","maxInstanceRequestConcurrency":1},"labels":{"deployment-tool":"cli-firebase","firebase-functions-codebase":"firebase-frameworks-integrate-with-nextjs","firebase-functions-hash":"f6b3475dfbd91cefe421531379fcb7f2d0da5402"},"environment":"GEN_2"},"stages":[{"name":"BUILD","state":"NOT_STARTED"},{"name":"SERVICE","state":"NOT_STARTED"}]},"done":false}
[debug] [2023-04-02T13:43:27.064Z] [create-firebase-frameworks-integrate-with-nextjs-us-central1-ssrintegratewithnextjs] Retrying task index 0
[debug] [2023-04-02T13:43:27.065Z] >>> [apiv2][query] GET https://cloudfunctions.googleapis.com/v2/projects/integrate-with-nextjs/locations/us-central1/operations/operation-1680442997795-5f85a9ff2e8d6-e73acfcf-a8f4c60d [none]
[debug] [2023-04-02T13:43:28.545Z] <<< [apiv2][status] GET https://cloudfunctions.googleapis.com/v2/projects/integrate-with-nextjs/locations/us-central1/operations/operation-1680442997795-5f85a9ff2e8d6-e73acfcf-a8f4c60d 200
[debug] [2023-04-02T13:43:28.546Z] <<< [apiv2][body] GET https://cloudfunctions.googleapis.com/v2/projects/integrate-with-nextjs/locations/us-central1/operations/operation-1680442997795-5f85a9ff2e8d6-e73acfcf-a8f4c60d {"name":"projects/integrate-with-nextjs/locations/us-central1/operations/operation-1680442997795-5f85a9ff2e8d6-e73acfcf-a8f4c60d","metadata":{"@type":"type.googleapis.com/google.cloud.functions.v2.OperationMetadata","createTime":"2023-04-02T13:43:18.952754847Z","target":"projects/integrate-with-nextjs/locations/us-central1/functions/ssrintegratewithnextjs","verb":"create","cancelRequested":false,"apiVersion":"v2","requestResource":{"@type":"type.googleapis.com/google.cloud.functions.v2.Function","name":"projects/integrate-with-nextjs/locations/us-central1/functions/ssrintegratewithnextjs","buildConfig":{"runtime":"nodejs18","entryPoint":"ssr","source":{"storageSource":{"bucket":"gcf-v2-sources-941577112619-us-central1","object":"ssrintegratewithnextjs/function-source.zip"}}},"serviceConfig":{"service":"projects/integrate-with-nextjs/locations/us-central1/services/ssrintegratewithnextjs","timeoutSeconds":60,"environmentVariables":{"__FIREBASE_FRAMEWORKS_ENTRY__":"next.js","FIREBASE_CONFIG":"{\"projectId\":\"integrate-with-nextjs\",\"storageBucket\":\"integrate-with-nextjs.appspot.com\"}","GCLOUD_PROJECT":"integrate-with-nextjs","EVENTARC_CLOUD_EVENT_SOURCE":"projects/integrate-with-nextjs/locations/us-central1/services/ssrintegratewithnextjs"},"maxInstanceCount":100,"ingressSettings":"ALLOW_ALL","serviceAccountEmail":"941577112619-compute@developer.gserviceaccount.com","availableMemory":"256Mi","maxInstanceRequestConcurrency":1},"labels":{"deployment-tool":"cli-firebase","firebase-functions-codebase":"firebase-frameworks-integrate-with-nextjs","firebase-functions-hash":"f6b3475dfbd91cefe421531379fcb7f2d0da5402"},"environment":"GEN_2"},"stages":[{"name":"BUILD","state":"NOT_STARTED"},{"name":"SERVICE","state":"NOT_STARTED"}]},"done":false}
[debug] [2023-04-02T13:43:32.551Z] [create-firebase-frameworks-integrate-with-nextjs-us-central1-ssrintegratewithnextjs] Retrying task index 0
[debug] [2023-04-02T13:43:32.552Z] >>> [apiv2][query] GET https://cloudfunctions.googleapis.com/v2/projects/integrate-with-nextjs/locations/us-central1/operations/operation-1680442997795-5f85a9ff2e8d6-e73acfcf-a8f4c60d [none]
[debug] [2023-04-02T13:43:33.992Z] <<< [apiv2][status] GET https://cloudfunctions.googleapis.com/v2/projects/integrate-with-nextjs/locations/us-central1/operations/operation-1680442997795-5f85a9ff2e8d6-e73acfcf-a8f4c60d 200
[debug] [2023-04-02T13:43:33.992Z] <<< [apiv2][body] GET https://cloudfunctions.googleapis.com/v2/projects/integrate-with-nextjs/locations/us-central1/operations/operation-1680442997795-5f85a9ff2e8d6-e73acfcf-a8f4c60d {"name":"projects/integrate-with-nextjs/locations/us-central1/operations/operation-1680442997795-5f85a9ff2e8d6-e73acfcf-a8f4c60d","metadata":{"@type":"type.googleapis.com/google.cloud.functions.v2.OperationMetadata","createTime":"2023-04-02T13:43:18.952754847Z","target":"projects/integrate-with-nextjs/locations/us-central1/functions/ssrintegratewithnextjs","verb":"create","cancelRequested":false,"apiVersion":"v2","requestResource":{"@type":"type.googleapis.com/google.cloud.functions.v2.Function","name":"projects/integrate-with-nextjs/locations/us-central1/functions/ssrintegratewithnextjs","buildConfig":{"runtime":"nodejs18","entryPoint":"ssr","source":{"storageSource":{"bucket":"gcf-v2-sources-941577112619-us-central1","object":"ssrintegratewithnextjs/function-source.zip"}}},"serviceConfig":{"service":"projects/integrate-with-nextjs/locations/us-central1/services/ssrintegratewithnextjs","timeoutSeconds":60,"environmentVariables":{"__FIREBASE_FRAMEWORKS_ENTRY__":"next.js","FIREBASE_CONFIG":"{\"projectId\":\"integrate-with-nextjs\",\"storageBucket\":\"integrate-with-nextjs.appspot.com\"}","GCLOUD_PROJECT":"integrate-with-nextjs","EVENTARC_CLOUD_EVENT_SOURCE":"projects/integrate-with-nextjs/locations/us-central1/services/ssrintegratewithnextjs"},"maxInstanceCount":100,"ingressSettings":"ALLOW_ALL","serviceAccountEmail":"941577112619-compute@developer.gserviceaccount.com","availableMemory":"256Mi","maxInstanceRequestConcurrency":1},"labels":{"deployment-tool":"cli-firebase","firebase-functions-codebase":"firebase-frameworks-integrate-with-nextjs","firebase-functions-hash":"f6b3475dfbd91cefe421531379fcb7f2d0da5402"},"environment":"GEN_2"},"stages":[{"name":"BUILD","state":"NOT_STARTED"},{"name":"SERVICE","state":"NOT_STARTED"}]},"done":false}
[debug] [2023-04-02T13:43:41.997Z] [create-firebase-frameworks-integrate-with-nextjs-us-central1-ssrintegratewithnextjs] Retrying task index 0
[debug] [2023-04-02T13:43:41.998Z] >>> [apiv2][query] GET https://cloudfunctions.googleapis.com/v2/projects/integrate-with-nextjs/locations/us-central1/operations/operation-1680442997795-5f85a9ff2e8d6-e73acfcf-a8f4c60d [none]
[debug] [2023-04-02T13:43:43.431Z] <<< [apiv2][status] GET https://cloudfunctions.googleapis.com/v2/projects/integrate-with-nextjs/locations/us-central1/operations/operation-1680442997795-5f85a9ff2e8d6-e73acfcf-a8f4c60d 200
[debug] [2023-04-02T13:43:43.431Z] <<< [apiv2][body] GET https://cloudfunctions.googleapis.com/v2/projects/integrate-with-nextjs/locations/us-central1/operations/operation-1680442997795-5f85a9ff2e8d6-e73acfcf-a8f4c60d {"name":"projects/integrate-with-nextjs/locations/us-central1/operations/operation-1680442997795-5f85a9ff2e8d6-e73acfcf-a8f4c60d","metadata":{"@type":"type.googleapis.com/google.cloud.functions.v2.OperationMetadata","createTime":"2023-04-02T13:43:18.952754847Z","target":"projects/integrate-with-nextjs/locations/us-central1/functions/ssrintegratewithnextjs","verb":"create","cancelRequested":false,"apiVersion":"v2","requestResource":{"@type":"type.googleapis.com/google.cloud.functions.v2.Function","name":"projects/integrate-with-nextjs/locations/us-central1/functions/ssrintegratewithnextjs","buildConfig":{"runtime":"nodejs18","entryPoint":"ssr","source":{"storageSource":{"bucket":"gcf-v2-sources-941577112619-us-central1","object":"ssrintegratewithnextjs/function-source.zip"}}},"serviceConfig":{"service":"projects/integrate-with-nextjs/locations/us-central1/services/ssrintegratewithnextjs","timeoutSeconds":60,"environmentVariables":{"__FIREBASE_FRAMEWORKS_ENTRY__":"next.js","FIREBASE_CONFIG":"{\"projectId\":\"integrate-with-nextjs\",\"storageBucket\":\"integrate-with-nextjs.appspot.com\"}","GCLOUD_PROJECT":"integrate-with-nextjs","EVENTARC_CLOUD_EVENT_SOURCE":"projects/integrate-with-nextjs/locations/us-central1/services/ssrintegratewithnextjs"},"maxInstanceCount":100,"ingressSettings":"ALLOW_ALL","serviceAccountEmail":"941577112619-compute@developer.gserviceaccount.com","availableMemory":"256Mi","maxInstanceRequestConcurrency":1},"labels":{"deployment-tool":"cli-firebase","firebase-functions-codebase":"firebase-frameworks-integrate-with-nextjs","firebase-functions-hash":"f6b3475dfbd91cefe421531379fcb7f2d0da5402"},"environment":"GEN_2"},"stages":[{"name":"BUILD","state":"NOT_STARTED"},{"name":"SERVICE","state":"NOT_STARTED"}]},"done":false}
[debug] [2023-04-02T13:43:53.436Z] [create-firebase-frameworks-integrate-with-nextjs-us-central1-ssrintegratewithnextjs] Retrying task index 0
[debug] [2023-04-02T13:43:53.436Z] >>> [apiv2][query] GET https://cloudfunctions.googleapis.com/v2/projects/integrate-with-nextjs/locations/us-central1/operations/operation-1680442997795-5f85a9ff2e8d6-e73acfcf-a8f4c60d [none]
[debug] [2023-04-02T13:43:54.871Z] <<< [apiv2][status] GET https://cloudfunctions.googleapis.com/v2/projects/integrate-with-nextjs/locations/us-central1/operations/operation-1680442997795-5f85a9ff2e8d6-e73acfcf-a8f4c60d 200
[debug] [2023-04-02T13:43:54.871Z] <<< [apiv2][body] GET https://cloudfunctions.googleapis.com/v2/projects/integrate-with-nextjs/locations/us-central1/operations/operation-1680442997795-5f85a9ff2e8d6-e73acfcf-a8f4c60d {"name":"projects/integrate-with-nextjs/locations/us-central1/operations/operation-1680442997795-5f85a9ff2e8d6-e73acfcf-a8f4c60d","metadata":{"@type":"type.googleapis.com/google.cloud.functions.v2.OperationMetadata","createTime":"2023-04-02T13:43:18.952754847Z","target":"projects/integrate-with-nextjs/locations/us-central1/functions/ssrintegratewithnextjs","verb":"create","cancelRequested":false,"apiVersion":"v2","requestResource":{"@type":"type.googleapis.com/google.cloud.functions.v2.Function","name":"projects/integrate-with-nextjs/locations/us-central1/functions/ssrintegratewithnextjs","buildConfig":{"runtime":"nodejs18","entryPoint":"ssr","source":{"storageSource":{"bucket":"gcf-v2-sources-941577112619-us-central1","object":"ssrintegratewithnextjs/function-source.zip"}}},"serviceConfig":{"service":"projects/integrate-with-nextjs/locations/us-central1/services/ssrintegratewithnextjs","timeoutSeconds":60,"environmentVariables":{"__FIREBASE_FRAMEWORKS_ENTRY__":"next.js","FIREBASE_CONFIG":"{\"projectId\":\"integrate-with-nextjs\",\"storageBucket\":\"integrate-with-nextjs.appspot.com\"}","GCLOUD_PROJECT":"integrate-with-nextjs","EVENTARC_CLOUD_EVENT_SOURCE":"projects/integrate-with-nextjs/locations/us-central1/services/ssrintegratewithnextjs"},"maxInstanceCount":100,"ingressSettings":"ALLOW_ALL","serviceAccountEmail":"941577112619-compute@developer.gserviceaccount.com","availableMemory":"256Mi","maxInstanceRequestConcurrency":1},"labels":{"deployment-tool":"cli-firebase","firebase-functions-codebase":"firebase-frameworks-integrate-with-nextjs","firebase-functions-hash":"f6b3475dfbd91cefe421531379fcb7f2d0da5402"},"environment":"GEN_2"},"stages":[{"name":"BUILD","message":"Creating build","state":"IN_PROGRESS","resource":"projects/941577112619/locations/us-central1/builds/39dd3465-ba70-49cd-90ee-f41537d25091","resourceUri":"https://console.cloud.google.com/cloud-build/builds;region=us-central1/39dd3465-ba70-49cd-90ee-f41537d25091?project=941577112619"},{"name":"SERVICE","state":"NOT_STARTED"}]},"done":false}
[debug] [2023-04-02T13:44:04.874Z] [create-firebase-frameworks-integrate-with-nextjs-us-central1-ssrintegratewithnextjs] Retrying task index 0
[debug] [2023-04-02T13:44:04.875Z] >>> [apiv2][query] GET https://cloudfunctions.googleapis.com/v2/projects/integrate-with-nextjs/locations/us-central1/operations/operation-1680442997795-5f85a9ff2e8d6-e73acfcf-a8f4c60d [none]
[debug] [2023-04-02T13:44:06.301Z] <<< [apiv2][status] GET https://cloudfunctions.googleapis.com/v2/projects/integrate-with-nextjs/locations/us-central1/operations/operation-1680442997795-5f85a9ff2e8d6-e73acfcf-a8f4c60d 200
[debug] [2023-04-02T13:44:06.302Z] <<< [apiv2][body] GET https://cloudfunctions.googleapis.com/v2/projects/integrate-with-nextjs/locations/us-central1/operations/operation-1680442997795-5f85a9ff2e8d6-e73acfcf-a8f4c60d {"name":"projects/integrate-with-nextjs/locations/us-central1/operations/operation-1680442997795-5f85a9ff2e8d6-e73acfcf-a8f4c60d","metadata":{"@type":"type.googleapis.com/google.cloud.functions.v2.OperationMetadata","createTime":"2023-04-02T13:43:18.952754847Z","target":"projects/integrate-with-nextjs/locations/us-central1/functions/ssrintegratewithnextjs","verb":"create","cancelRequested":false,"apiVersion":"v2","requestResource":{"@type":"type.googleapis.com/google.cloud.functions.v2.Function","name":"projects/integrate-with-nextjs/locations/us-central1/functions/ssrintegratewithnextjs","buildConfig":{"runtime":"nodejs18","entryPoint":"ssr","source":{"storageSource":{"bucket":"gcf-v2-sources-941577112619-us-central1","object":"ssrintegratewithnextjs/function-source.zip"}}},"serviceConfig":{"service":"projects/integrate-with-nextjs/locations/us-central1/services/ssrintegratewithnextjs","timeoutSeconds":60,"environmentVariables":{"__FIREBASE_FRAMEWORKS_ENTRY__":"next.js","FIREBASE_CONFIG":"{\"projectId\":\"integrate-with-nextjs\",\"storageBucket\":\"integrate-with-nextjs.appspot.com\"}","GCLOUD_PROJECT":"integrate-with-nextjs","EVENTARC_CLOUD_EVENT_SOURCE":"projects/integrate-with-nextjs/locations/us-central1/services/ssrintegratewithnextjs"},"maxInstanceCount":100,"ingressSettings":"ALLOW_ALL","serviceAccountEmail":"941577112619-compute@developer.gserviceaccount.com","availableMemory":"256Mi","maxInstanceRequestConcurrency":1},"labels":{"deployment-tool":"cli-firebase","firebase-functions-codebase":"firebase-frameworks-integrate-with-nextjs","firebase-functions-hash":"f6b3475dfbd91cefe421531379fcb7f2d0da5402"},"environment":"GEN_2"},"stages":[{"name":"BUILD","message":"Creating build","state":"IN_PROGRESS","resource":"projects/941577112619/locations/us-central1/builds/39dd3465-ba70-49cd-90ee-f41537d25091","resourceUri":"https://console.cloud.google.com/cloud-build/builds;region=us-central1/39dd3465-ba70-49cd-90ee-f41537d25091?project=941577112619"},{"name":"SERVICE","state":"NOT_STARTED"}]},"done":false}
[debug] [2023-04-02T13:44:16.303Z] [create-firebase-frameworks-integrate-with-nextjs-us-central1-ssrintegratewithnextjs] Retrying task index 0
[debug] [2023-04-02T13:44:16.304Z] >>> [apiv2][query] GET https://cloudfunctions.googleapis.com/v2/projects/integrate-with-nextjs/locations/us-central1/operations/operation-1680442997795-5f85a9ff2e8d6-e73acfcf-a8f4c60d [none]
[debug] [2023-04-02T13:44:17.677Z] <<< [apiv2][status] GET https://cloudfunctions.googleapis.com/v2/projects/integrate-with-nextjs/locations/us-central1/operations/operation-1680442997795-5f85a9ff2e8d6-e73acfcf-a8f4c60d 200
[debug] [2023-04-02T13:44:17.677Z] <<< [apiv2][body] GET https://cloudfunctions.googleapis.com/v2/projects/integrate-with-nextjs/locations/us-central1/operations/operation-1680442997795-5f85a9ff2e8d6-e73acfcf-a8f4c60d {"name":"projects/integrate-with-nextjs/locations/us-central1/operations/operation-1680442997795-5f85a9ff2e8d6-e73acfcf-a8f4c60d","metadata":{"@type":"type.googleapis.com/google.cloud.functions.v2.OperationMetadata","createTime":"2023-04-02T13:43:18.952754847Z","target":"projects/integrate-with-nextjs/locations/us-central1/functions/ssrintegratewithnextjs","verb":"create","cancelRequested":false,"apiVersion":"v2","requestResource":{"@type":"type.googleapis.com/google.cloud.functions.v2.Function","name":"projects/integrate-with-nextjs/locations/us-central1/functions/ssrintegratewithnextjs","buildConfig":{"runtime":"nodejs18","entryPoint":"ssr","source":{"storageSource":{"bucket":"gcf-v2-sources-941577112619-us-central1","object":"ssrintegratewithnextjs/function-source.zip"}}},"serviceConfig":{"service":"projects/integrate-with-nextjs/locations/us-central1/services/ssrintegratewithnextjs","timeoutSeconds":60,"environmentVariables":{"__FIREBASE_FRAMEWORKS_ENTRY__":"next.js","FIREBASE_CONFIG":"{\"projectId\":\"integrate-with-nextjs\",\"storageBucket\":\"integrate-with-nextjs.appspot.com\"}","GCLOUD_PROJECT":"integrate-with-nextjs","EVENTARC_CLOUD_EVENT_SOURCE":"projects/integrate-with-nextjs/locations/us-central1/services/ssrintegratewithnextjs"},"maxInstanceCount":100,"ingressSettings":"ALLOW_ALL","serviceAccountEmail":"941577112619-compute@developer.gserviceaccount.com","availableMemory":"256Mi","maxInstanceRequestConcurrency":1},"labels":{"deployment-tool":"cli-firebase","firebase-functions-codebase":"firebase-frameworks-integrate-with-nextjs","firebase-functions-hash":"f6b3475dfbd91cefe421531379fcb7f2d0da5402"},"environment":"GEN_2"},"stages":[{"name":"BUILD","message":"Creating build","state":"IN_PROGRESS","resource":"projects/941577112619/locations/us-central1/builds/39dd3465-ba70-49cd-90ee-f41537d25091","resourceUri":"https://console.cloud.google.com/cloud-build/builds;region=us-central1/39dd3465-ba70-49cd-90ee-f41537d25091?project=941577112619"},{"name":"SERVICE","state":"NOT_STARTED"}]},"done":false}
[debug] [2023-04-02T13:44:27.679Z] [create-firebase-frameworks-integrate-with-nextjs-us-central1-ssrintegratewithnextjs] Retrying task index 0
[debug] [2023-04-02T13:44:27.680Z] >>> [apiv2][query] GET https://cloudfunctions.googleapis.com/v2/projects/integrate-with-nextjs/locations/us-central1/operations/operation-1680442997795-5f85a9ff2e8d6-e73acfcf-a8f4c60d [none]
[debug] [2023-04-02T13:44:29.180Z] <<< [apiv2][status] GET https://cloudfunctions.googleapis.com/v2/projects/integrate-with-nextjs/locations/us-central1/operations/operation-1680442997795-5f85a9ff2e8d6-e73acfcf-a8f4c60d 200
[debug] [2023-04-02T13:44:29.180Z] <<< [apiv2][body] GET https://cloudfunctions.googleapis.com/v2/projects/integrate-with-nextjs/locations/us-central1/operations/operation-1680442997795-5f85a9ff2e8d6-e73acfcf-a8f4c60d {"name":"projects/integrate-with-nextjs/locations/us-central1/operations/operation-1680442997795-5f85a9ff2e8d6-e73acfcf-a8f4c60d","metadata":{"@type":"type.googleapis.com/google.cloud.functions.v2.OperationMetadata","createTime":"2023-04-02T13:43:18.952754847Z","target":"projects/integrate-with-nextjs/locations/us-central1/functions/ssrintegratewithnextjs","verb":"create","cancelRequested":false,"apiVersion":"v2","requestResource":{"@type":"type.googleapis.com/google.cloud.functions.v2.Function","name":"projects/integrate-with-nextjs/locations/us-central1/functions/ssrintegratewithnextjs","buildConfig":{"runtime":"nodejs18","entryPoint":"ssr","source":{"storageSource":{"bucket":"gcf-v2-sources-941577112619-us-central1","object":"ssrintegratewithnextjs/function-source.zip"}}},"serviceConfig":{"service":"projects/integrate-with-nextjs/locations/us-central1/services/ssrintegratewithnextjs","timeoutSeconds":60,"environmentVariables":{"__FIREBASE_FRAMEWORKS_ENTRY__":"next.js","FIREBASE_CONFIG":"{\"projectId\":\"integrate-with-nextjs\",\"storageBucket\":\"integrate-with-nextjs.appspot.com\"}","GCLOUD_PROJECT":"integrate-with-nextjs","EVENTARC_CLOUD_EVENT_SOURCE":"projects/integrate-with-nextjs/locations/us-central1/services/ssrintegratewithnextjs"},"maxInstanceCount":100,"ingressSettings":"ALLOW_ALL","serviceAccountEmail":"941577112619-compute@developer.gserviceaccount.com","availableMemory":"256Mi","maxInstanceRequestConcurrency":1},"labels":{"deployment-tool":"cli-firebase","firebase-functions-codebase":"firebase-frameworks-integrate-with-nextjs","firebase-functions-hash":"f6b3475dfbd91cefe421531379fcb7f2d0da5402"},"environment":"GEN_2"},"stages":[{"name":"BUILD","message":"Creating build","state":"IN_PROGRESS","resource":"projects/941577112619/locations/us-central1/builds/39dd3465-ba70-49cd-90ee-f41537d25091","resourceUri":"https://console.cloud.google.com/cloud-build/builds;region=us-central1/39dd3465-ba70-49cd-90ee-f41537d25091?project=941577112619"},{"name":"SERVICE","state":"NOT_STARTED"}]},"done":false}
[debug] [2023-04-02T13:44:39.182Z] [create-firebase-frameworks-integrate-with-nextjs-us-central1-ssrintegratewithnextjs] Retrying task index 0
[debug] [2023-04-02T13:44:39.182Z] >>> [apiv2][query] GET https://cloudfunctions.googleapis.com/v2/projects/integrate-with-nextjs/locations/us-central1/operations/operation-1680442997795-5f85a9ff2e8d6-e73acfcf-a8f4c60d [none]
[debug] [2023-04-02T13:44:40.647Z] <<< [apiv2][status] GET https://cloudfunctions.googleapis.com/v2/projects/integrate-with-nextjs/locations/us-central1/operations/operation-1680442997795-5f85a9ff2e8d6-e73acfcf-a8f4c60d 200
[debug] [2023-04-02T13:44:40.647Z] <<< [apiv2][body] GET https://cloudfunctions.googleapis.com/v2/projects/integrate-with-nextjs/locations/us-central1/operations/operation-1680442997795-5f85a9ff2e8d6-e73acfcf-a8f4c60d {"name":"projects/integrate-with-nextjs/locations/us-central1/operations/operation-1680442997795-5f85a9ff2e8d6-e73acfcf-a8f4c60d","metadata":{"@type":"type.googleapis.com/google.cloud.functions.v2.OperationMetadata","createTime":"2023-04-02T13:43:18.952754847Z","target":"projects/integrate-with-nextjs/locations/us-central1/functions/ssrintegratewithnextjs","verb":"create","cancelRequested":false,"apiVersion":"v2","requestResource":{"@type":"type.googleapis.com/google.cloud.functions.v2.Function","name":"projects/integrate-with-nextjs/locations/us-central1/functions/ssrintegratewithnextjs","buildConfig":{"runtime":"nodejs18","entryPoint":"ssr","source":{"storageSource":{"bucket":"gcf-v2-sources-941577112619-us-central1","object":"ssrintegratewithnextjs/function-source.zip"}}},"serviceConfig":{"service":"projects/integrate-with-nextjs/locations/us-central1/services/ssrintegratewithnextjs","timeoutSeconds":60,"environmentVariables":{"__FIREBASE_FRAMEWORKS_ENTRY__":"next.js","FIREBASE_CONFIG":"{\"projectId\":\"integrate-with-nextjs\",\"storageBucket\":\"integrate-with-nextjs.appspot.com\"}","GCLOUD_PROJECT":"integrate-with-nextjs","EVENTARC_CLOUD_EVENT_SOURCE":"projects/integrate-with-nextjs/locations/us-central1/services/ssrintegratewithnextjs"},"maxInstanceCount":100,"ingressSettings":"ALLOW_ALL","serviceAccountEmail":"941577112619-compute@developer.gserviceaccount.com","availableMemory":"256Mi","maxInstanceRequestConcurrency":1},"labels":{"deployment-tool":"cli-firebase","firebase-functions-codebase":"firebase-frameworks-integrate-with-nextjs","firebase-functions-hash":"f6b3475dfbd91cefe421531379fcb7f2d0da5402"},"environment":"GEN_2"},"stages":[{"name":"BUILD","message":"Creating build","state":"IN_PROGRESS","resource":"projects/941577112619/locations/us-central1/builds/39dd3465-ba70-49cd-90ee-f41537d25091","resourceUri":"https://console.cloud.google.com/cloud-build/builds;region=us-central1/39dd3465-ba70-49cd-90ee-f41537d25091?project=941577112619"},{"name":"SERVICE","state":"NOT_STARTED"}]},"done":false}
[debug] [2023-04-02T13:44:50.648Z] [create-firebase-frameworks-integrate-with-nextjs-us-central1-ssrintegratewithnextjs] Retrying task index 0
[debug] [2023-04-02T13:44:50.649Z] >>> [apiv2][query] GET https://cloudfunctions.googleapis.com/v2/projects/integrate-with-nextjs/locations/us-central1/operations/operation-1680442997795-5f85a9ff2e8d6-e73acfcf-a8f4c60d [none]
[debug] [2023-04-02T13:44:52.049Z] <<< [apiv2][status] GET https://cloudfunctions.googleapis.com/v2/projects/integrate-with-nextjs/locations/us-central1/operations/operation-1680442997795-5f85a9ff2e8d6-e73acfcf-a8f4c60d 200
[debug] [2023-04-02T13:44:52.050Z] <<< [apiv2][body] GET https://cloudfunctions.googleapis.com/v2/projects/integrate-with-nextjs/locations/us-central1/operations/operation-1680442997795-5f85a9ff2e8d6-e73acfcf-a8f4c60d {"name":"projects/integrate-with-nextjs/locations/us-central1/operations/operation-1680442997795-5f85a9ff2e8d6-e73acfcf-a8f4c60d","metadata":{"@type":"type.googleapis.com/google.cloud.functions.v2.OperationMetadata","createTime":"2023-04-02T13:43:18.952754847Z","target":"projects/integrate-with-nextjs/locations/us-central1/functions/ssrintegratewithnextjs","verb":"create","cancelRequested":false,"apiVersion":"v2","requestResource":{"@type":"type.googleapis.com/google.cloud.functions.v2.Function","name":"projects/integrate-with-nextjs/locations/us-central1/functions/ssrintegratewithnextjs","buildConfig":{"runtime":"nodejs18","entryPoint":"ssr","source":{"storageSource":{"bucket":"gcf-v2-sources-941577112619-us-central1","object":"ssrintegratewithnextjs/function-source.zip"}}},"serviceConfig":{"service":"projects/integrate-with-nextjs/locations/us-central1/services/ssrintegratewithnextjs","timeoutSeconds":60,"environmentVariables":{"__FIREBASE_FRAMEWORKS_ENTRY__":"next.js","FIREBASE_CONFIG":"{\"projectId\":\"integrate-with-nextjs\",\"storageBucket\":\"integrate-with-nextjs.appspot.com\"}","GCLOUD_PROJECT":"integrate-with-nextjs","EVENTARC_CLOUD_EVENT_SOURCE":"projects/integrate-with-nextjs/locations/us-central1/services/ssrintegratewithnextjs"},"maxInstanceCount":100,"ingressSettings":"ALLOW_ALL","serviceAccountEmail":"941577112619-compute@developer.gserviceaccount.com","availableMemory":"256Mi","maxInstanceRequestConcurrency":1},"labels":{"deployment-tool":"cli-firebase","firebase-functions-codebase":"firebase-frameworks-integrate-with-nextjs","firebase-functions-hash":"f6b3475dfbd91cefe421531379fcb7f2d0da5402"},"environment":"GEN_2"},"stages":[{"name":"BUILD","message":"Creating build","state":"IN_PROGRESS","resource":"projects/941577112619/locations/us-central1/builds/39dd3465-ba70-49cd-90ee-f41537d25091","resourceUri":"https://console.cloud.google.com/cloud-build/builds;region=us-central1/39dd3465-ba70-49cd-90ee-f41537d25091?project=941577112619"},{"name":"SERVICE","state":"NOT_STARTED"}]},"done":false}
